
AVRASM ver. 2.1.30  C:\Users\alireza\Desktop\MicroprocessorLab\assignment 2\problem 2\code\Debug\List\counter.asm Thu Dec 31 19:16:31 2020

C:\Users\alireza\Desktop\MicroprocessorLab\assignment 2\problem 2\code\Debug\List\counter.asm(1088): warning: Register r4 already defined by the .DEF directive
C:\Users\alireza\Desktop\MicroprocessorLab\assignment 2\problem 2\code\Debug\List\counter.asm(1089): warning: Register r5 already defined by the .DEF directive
C:\Users\alireza\Desktop\MicroprocessorLab\assignment 2\problem 2\code\Debug\List\counter.asm(1090): warning: Register r6 already defined by the .DEF directive
C:\Users\alireza\Desktop\MicroprocessorLab\assignment 2\problem 2\code\Debug\List\counter.asm(1091): warning: Register r7 already defined by the .DEF directive
C:\Users\alireza\Desktop\MicroprocessorLab\assignment 2\problem 2\code\Debug\List\counter.asm(1092): warning: Register r8 already defined by the .DEF directive
C:\Users\alireza\Desktop\MicroprocessorLab\assignment 2\problem 2\code\Debug\List\counter.asm(1093): warning: Register r9 already defined by the .DEF directive
C:\Users\alireza\Desktop\MicroprocessorLab\assignment 2\problem 2\code\Debug\List\counter.asm(1094): warning: Register r10 already defined by the .DEF directive
C:\Users\alireza\Desktop\MicroprocessorLab\assignment 2\problem 2\code\Debug\List\counter.asm(1095): warning: Register r11 already defined by the .DEF directive
C:\Users\alireza\Desktop\MicroprocessorLab\assignment 2\problem 2\code\Debug\List\counter.asm(1096): warning: Register r12 already defined by the .DEF directive
C:\Users\alireza\Desktop\MicroprocessorLab\assignment 2\problem 2\code\Debug\List\counter.asm(1097): warning: Register r13 already defined by the .DEF directive
                 
                 
                 ;CodeVisionAVR C Compiler V3.14 Advanced
                 ;(C) Copyright 1998-2014 Pavel Haiduc, HP InfoTech s.r.l.
                 ;http://www.hpinfotech.com
                 
                 ;Build configuration    : Debug
                 ;Chip type              : ATmega16
                 ;Program type           : Application
                 ;Clock frequency        : 12.000000 MHz
                 ;Memory model           : Small
                 ;Optimize for           : Size
                 ;(s)printf features     : int, width
                 ;(s)scanf features      : int, width
                 ;External RAM size      : 0
                 ;Data Stack size        : 256 byte(s)
                 ;Heap size              : 0 byte(s)
                 ;Promote 'char' to 'int': Yes
                 ;'char' is unsigned     : Yes
                 ;8 bit enums            : Yes
                 ;Global 'const' stored in FLASH: Yes
                 ;Enhanced function parameter passing: Yes
                 ;Enhanced core instructions: On
                 ;Automatic register allocation for global variables: On
                 ;Smart register allocation: On
                 
                 	#define _MODEL_SMALL_
                 
                 	#pragma AVRPART ADMIN PART_NAME ATmega16
                 	#pragma AVRPART MEMORY PROG_FLASH 16384
                 	#pragma AVRPART MEMORY EEPROM 512
                 	#pragma AVRPART MEMORY INT_SRAM SIZE 1024
                 	#pragma AVRPART MEMORY INT_SRAM START_ADDR 0x60
                 
                 	#define CALL_SUPPORTED 1
                 
                 	.LISTMAC
                 	.EQU UDRE=0x5
                 	.EQU RXC=0x7
                 	.EQU USR=0xB
                 	.EQU UDR=0xC
                 	.EQU SPSR=0xE
                 	.EQU SPDR=0xF
                 	.EQU EERE=0x0
                 	.EQU EEWE=0x1
                 	.EQU EEMWE=0x2
                 	.EQU EECR=0x1C
                 	.EQU EEDR=0x1D
                 	.EQU EEARL=0x1E
                 	.EQU EEARH=0x1F
                 	.EQU WDTCR=0x21
                 	.EQU MCUCR=0x35
                 	.EQU GICR=0x3B
                 	.EQU SPL=0x3D
                 	.EQU SPH=0x3E
                 	.EQU SREG=0x3F
                 
                 	.DEF R0X0=R0
                 	.DEF R0X1=R1
                 	.DEF R0X2=R2
                 	.DEF R0X3=R3
                 	.DEF R0X4=R4
                 	.DEF R0X5=R5
                 	.DEF R0X6=R6
                 	.DEF R0X7=R7
                 	.DEF R0X8=R8
                 	.DEF R0X9=R9
                 	.DEF R0XA=R10
                 	.DEF R0XB=R11
                 	.DEF R0XC=R12
                 	.DEF R0XD=R13
                 	.DEF R0XE=R14
                 	.DEF R0XF=R15
                 	.DEF R0X10=R16
                 	.DEF R0X11=R17
                 	.DEF R0X12=R18
                 	.DEF R0X13=R19
                 	.DEF R0X14=R20
                 	.DEF R0X15=R21
                 	.DEF R0X16=R22
                 	.DEF R0X17=R23
                 	.DEF R0X18=R24
                 	.DEF R0X19=R25
                 	.DEF R0X1A=R26
                 	.DEF R0X1B=R27
                 	.DEF R0X1C=R28
                 	.DEF R0X1D=R29
                 	.DEF R0X1E=R30
                 	.DEF R0X1F=R31
                 
                 	.EQU __SRAM_START=0x0060
                 	.EQU __SRAM_END=0x045F
                 	.EQU __DSTACK_SIZE=0x0100
                 	.EQU __HEAP_SIZE=0x0000
                 	.EQU __CLEAR_SRAM_SIZE=__SRAM_END-__SRAM_START+1
                 
                 	.MACRO __CPD1N
                 	CPI  R30,LOW(@0)
                 	LDI  R26,HIGH(@0)
                 	CPC  R31,R26
                 	LDI  R26,BYTE3(@0)
                 	CPC  R22,R26
                 	LDI  R26,BYTE4(@0)
                 	CPC  R23,R26
                 	.ENDM
                 
                 	.MACRO __CPD2N
                 	CPI  R26,LOW(@0)
                 	LDI  R30,HIGH(@0)
                 	CPC  R27,R30
                 	LDI  R30,BYTE3(@0)
                 	CPC  R24,R30
                 	LDI  R30,BYTE4(@0)
                 	CPC  R25,R30
                 	.ENDM
                 
                 	.MACRO __CPWRR
                 	CP   R@0,R@2
                 	CPC  R@1,R@3
                 	.ENDM
                 
                 	.MACRO __CPWRN
                 	CPI  R@0,LOW(@2)
                 	LDI  R30,HIGH(@2)
                 	CPC  R@1,R30
                 	.ENDM
                 
                 	.MACRO __ADDB1MN
                 	SUBI R30,LOW(-@0-(@1))
                 	.ENDM
                 
                 	.MACRO __ADDB2MN
                 	SUBI R26,LOW(-@0-(@1))
                 	.ENDM
                 
                 	.MACRO __ADDW1MN
                 	SUBI R30,LOW(-@0-(@1))
                 	SBCI R31,HIGH(-@0-(@1))
                 	.ENDM
                 
                 	.MACRO __ADDW2MN
                 	SUBI R26,LOW(-@0-(@1))
                 	SBCI R27,HIGH(-@0-(@1))
                 	.ENDM
                 
                 	.MACRO __ADDW1FN
                 	SUBI R30,LOW(-2*@0-(@1))
                 	SBCI R31,HIGH(-2*@0-(@1))
                 	.ENDM
                 
                 	.MACRO __ADDD1FN
                 	SUBI R30,LOW(-2*@0-(@1))
                 	SBCI R31,HIGH(-2*@0-(@1))
                 	SBCI R22,BYTE3(-2*@0-(@1))
                 	.ENDM
                 
                 	.MACRO __ADDD1N
                 	SUBI R30,LOW(-@0)
                 	SBCI R31,HIGH(-@0)
                 	SBCI R22,BYTE3(-@0)
                 	SBCI R23,BYTE4(-@0)
                 	.ENDM
                 
                 	.MACRO __ADDD2N
                 	SUBI R26,LOW(-@0)
                 	SBCI R27,HIGH(-@0)
                 	SBCI R24,BYTE3(-@0)
                 	SBCI R25,BYTE4(-@0)
                 	.ENDM
                 
                 	.MACRO __SUBD1N
                 	SUBI R30,LOW(@0)
                 	SBCI R31,HIGH(@0)
                 	SBCI R22,BYTE3(@0)
                 	SBCI R23,BYTE4(@0)
                 	.ENDM
                 
                 	.MACRO __SUBD2N
                 	SUBI R26,LOW(@0)
                 	SBCI R27,HIGH(@0)
                 	SBCI R24,BYTE3(@0)
                 	SBCI R25,BYTE4(@0)
                 	.ENDM
                 
                 	.MACRO __ANDBMNN
                 	LDS  R30,@0+(@1)
                 	ANDI R30,LOW(@2)
                 	STS  @0+(@1),R30
                 	.ENDM
                 
                 	.MACRO __ANDWMNN
                 	LDS  R30,@0+(@1)
                 	ANDI R30,LOW(@2)
                 	STS  @0+(@1),R30
                 	LDS  R30,@0+(@1)+1
                 	ANDI R30,HIGH(@2)
                 	STS  @0+(@1)+1,R30
                 	.ENDM
                 
                 	.MACRO __ANDD1N
                 	ANDI R30,LOW(@0)
                 	ANDI R31,HIGH(@0)
                 	ANDI R22,BYTE3(@0)
                 	ANDI R23,BYTE4(@0)
                 	.ENDM
                 
                 	.MACRO __ANDD2N
                 	ANDI R26,LOW(@0)
                 	ANDI R27,HIGH(@0)
                 	ANDI R24,BYTE3(@0)
                 	ANDI R25,BYTE4(@0)
                 	.ENDM
                 
                 	.MACRO __ORBMNN
                 	LDS  R30,@0+(@1)
                 	ORI  R30,LOW(@2)
                 	STS  @0+(@1),R30
                 	.ENDM
                 
                 	.MACRO __ORWMNN
                 	LDS  R30,@0+(@1)
                 	ORI  R30,LOW(@2)
                 	STS  @0+(@1),R30
                 	LDS  R30,@0+(@1)+1
                 	ORI  R30,HIGH(@2)
                 	STS  @0+(@1)+1,R30
                 	.ENDM
                 
                 	.MACRO __ORD1N
                 	ORI  R30,LOW(@0)
                 	ORI  R31,HIGH(@0)
                 	ORI  R22,BYTE3(@0)
                 	ORI  R23,BYTE4(@0)
                 	.ENDM
                 
                 	.MACRO __ORD2N
                 	ORI  R26,LOW(@0)
                 	ORI  R27,HIGH(@0)
                 	ORI  R24,BYTE3(@0)
                 	ORI  R25,BYTE4(@0)
                 	.ENDM
                 
                 	.MACRO __DELAY_USB
                 	LDI  R24,LOW(@0)
                 __DELAY_USB_LOOP:
                 	DEC  R24
                 	BRNE __DELAY_USB_LOOP
                 	.ENDM
                 
                 	.MACRO __DELAY_USW
                 	LDI  R24,LOW(@0)
                 	LDI  R25,HIGH(@0)
                 __DELAY_USW_LOOP:
                 	SBIW R24,1
                 	BRNE __DELAY_USW_LOOP
                 	.ENDM
                 
                 	.MACRO __GETD1S
                 	LDD  R30,Y+@0
                 	LDD  R31,Y+@0+1
                 	LDD  R22,Y+@0+2
                 	LDD  R23,Y+@0+3
                 	.ENDM
                 
                 	.MACRO __GETD2S
                 	LDD  R26,Y+@0
                 	LDD  R27,Y+@0+1
                 	LDD  R24,Y+@0+2
                 	LDD  R25,Y+@0+3
                 	.ENDM
                 
                 	.MACRO __PUTD1S
                 	STD  Y+@0,R30
                 	STD  Y+@0+1,R31
                 	STD  Y+@0+2,R22
                 	STD  Y+@0+3,R23
                 	.ENDM
                 
                 	.MACRO __PUTD2S
                 	STD  Y+@0,R26
                 	STD  Y+@0+1,R27
                 	STD  Y+@0+2,R24
                 	STD  Y+@0+3,R25
                 	.ENDM
                 
                 	.MACRO __PUTDZ2
                 	STD  Z+@0,R26
                 	STD  Z+@0+1,R27
                 	STD  Z+@0+2,R24
                 	STD  Z+@0+3,R25
                 	.ENDM
                 
                 	.MACRO __CLRD1S
                 	STD  Y+@0,R30
                 	STD  Y+@0+1,R30
                 	STD  Y+@0+2,R30
                 	STD  Y+@0+3,R30
                 	.ENDM
                 
                 	.MACRO __POINTB1MN
                 	LDI  R30,LOW(@0+(@1))
                 	.ENDM
                 
                 	.MACRO __POINTW1MN
                 	LDI  R30,LOW(@0+(@1))
                 	LDI  R31,HIGH(@0+(@1))
                 	.ENDM
                 
                 	.MACRO __POINTD1M
                 	LDI  R30,LOW(@0)
                 	LDI  R31,HIGH(@0)
                 	LDI  R22,BYTE3(@0)
                 	LDI  R23,BYTE4(@0)
                 	.ENDM
                 
                 	.MACRO __POINTW1FN
                 	LDI  R30,LOW(2*@0+(@1))
                 	LDI  R31,HIGH(2*@0+(@1))
                 	.ENDM
                 
                 	.MACRO __POINTD1FN
                 	LDI  R30,LOW(2*@0+(@1))
                 	LDI  R31,HIGH(2*@0+(@1))
                 	LDI  R22,BYTE3(2*@0+(@1))
                 	LDI  R23,BYTE4(2*@0+(@1))
                 	.ENDM
                 
                 	.MACRO __POINTB2MN
                 	LDI  R26,LOW(@0+(@1))
                 	.ENDM
                 
                 	.MACRO __POINTW2MN
                 	LDI  R26,LOW(@0+(@1))
                 	LDI  R27,HIGH(@0+(@1))
                 	.ENDM
                 
                 	.MACRO __POINTW2FN
                 	LDI  R26,LOW(2*@0+(@1))
                 	LDI  R27,HIGH(2*@0+(@1))
                 	.ENDM
                 
                 	.MACRO __POINTD2FN
                 	LDI  R26,LOW(2*@0+(@1))
                 	LDI  R27,HIGH(2*@0+(@1))
                 	LDI  R24,BYTE3(2*@0+(@1))
                 	LDI  R25,BYTE4(2*@0+(@1))
                 	.ENDM
                 
                 	.MACRO __POINTBRM
                 	LDI  R@0,LOW(@1)
                 	.ENDM
                 
                 	.MACRO __POINTWRM
                 	LDI  R@0,LOW(@2)
                 	LDI  R@1,HIGH(@2)
                 	.ENDM
                 
                 	.MACRO __POINTBRMN
                 	LDI  R@0,LOW(@1+(@2))
                 	.ENDM
                 
                 	.MACRO __POINTWRMN
                 	LDI  R@0,LOW(@2+(@3))
                 	LDI  R@1,HIGH(@2+(@3))
                 	.ENDM
                 
                 	.MACRO __POINTWRFN
                 	LDI  R@0,LOW(@2*2+(@3))
                 	LDI  R@1,HIGH(@2*2+(@3))
                 	.ENDM
                 
                 	.MACRO __GETD1N
                 	LDI  R30,LOW(@0)
                 	LDI  R31,HIGH(@0)
                 	LDI  R22,BYTE3(@0)
                 	LDI  R23,BYTE4(@0)
                 	.ENDM
                 
                 	.MACRO __GETD2N
                 	LDI  R26,LOW(@0)
                 	LDI  R27,HIGH(@0)
                 	LDI  R24,BYTE3(@0)
                 	LDI  R25,BYTE4(@0)
                 	.ENDM
                 
                 	.MACRO __GETB1MN
                 	LDS  R30,@0+(@1)
                 	.ENDM
                 
                 	.MACRO __GETB1HMN
                 	LDS  R31,@0+(@1)
                 	.ENDM
                 
                 	.MACRO __GETW1MN
                 	LDS  R30,@0+(@1)
                 	LDS  R31,@0+(@1)+1
                 	.ENDM
                 
                 	.MACRO __GETD1MN
                 	LDS  R30,@0+(@1)
                 	LDS  R31,@0+(@1)+1
                 	LDS  R22,@0+(@1)+2
                 	LDS  R23,@0+(@1)+3
                 	.ENDM
                 
                 	.MACRO __GETBRMN
                 	LDS  R@0,@1+(@2)
                 	.ENDM
                 
                 	.MACRO __GETWRMN
                 	LDS  R@0,@2+(@3)
                 	LDS  R@1,@2+(@3)+1
                 	.ENDM
                 
                 	.MACRO __GETWRZ
                 	LDD  R@0,Z+@2
                 	LDD  R@1,Z+@2+1
                 	.ENDM
                 
                 	.MACRO __GETD2Z
                 	LDD  R26,Z+@0
                 	LDD  R27,Z+@0+1
                 	LDD  R24,Z+@0+2
                 	LDD  R25,Z+@0+3
                 	.ENDM
                 
                 	.MACRO __GETB2MN
                 	LDS  R26,@0+(@1)
                 	.ENDM
                 
                 	.MACRO __GETW2MN
                 	LDS  R26,@0+(@1)
                 	LDS  R27,@0+(@1)+1
                 	.ENDM
                 
                 	.MACRO __GETD2MN
                 	LDS  R26,@0+(@1)
                 	LDS  R27,@0+(@1)+1
                 	LDS  R24,@0+(@1)+2
                 	LDS  R25,@0+(@1)+3
                 	.ENDM
                 
                 	.MACRO __PUTB1MN
                 	STS  @0+(@1),R30
                 	.ENDM
                 
                 	.MACRO __PUTW1MN
                 	STS  @0+(@1),R30
                 	STS  @0+(@1)+1,R31
                 	.ENDM
                 
                 	.MACRO __PUTD1MN
                 	STS  @0+(@1),R30
                 	STS  @0+(@1)+1,R31
                 	STS  @0+(@1)+2,R22
                 	STS  @0+(@1)+3,R23
                 	.ENDM
                 
                 	.MACRO __PUTB1EN
                 	LDI  R26,LOW(@0+(@1))
                 	LDI  R27,HIGH(@0+(@1))
                 	CALL __EEPROMWRB
                 	.ENDM
                 
                 	.MACRO __PUTW1EN
                 	LDI  R26,LOW(@0+(@1))
                 	LDI  R27,HIGH(@0+(@1))
                 	CALL __EEPROMWRW
                 	.ENDM
                 
                 	.MACRO __PUTD1EN
                 	LDI  R26,LOW(@0+(@1))
                 	LDI  R27,HIGH(@0+(@1))
                 	CALL __EEPROMWRD
                 	.ENDM
                 
                 	.MACRO __PUTBR0MN
                 	STS  @0+(@1),R0
                 	.ENDM
                 
                 	.MACRO __PUTBMRN
                 	STS  @0+(@1),R@2
                 	.ENDM
                 
                 	.MACRO __PUTWMRN
                 	STS  @0+(@1),R@2
                 	STS  @0+(@1)+1,R@3
                 	.ENDM
                 
                 	.MACRO __PUTBZR
                 	STD  Z+@1,R@0
                 	.ENDM
                 
                 	.MACRO __PUTWZR
                 	STD  Z+@2,R@0
                 	STD  Z+@2+1,R@1
                 	.ENDM
                 
                 	.MACRO __GETW1R
                 	MOV  R30,R@0
                 	MOV  R31,R@1
                 	.ENDM
                 
                 	.MACRO __GETW2R
                 	MOV  R26,R@0
                 	MOV  R27,R@1
                 	.ENDM
                 
                 	.MACRO __GETWRN
                 	LDI  R@0,LOW(@2)
                 	LDI  R@1,HIGH(@2)
                 	.ENDM
                 
                 	.MACRO __PUTW1R
                 	MOV  R@0,R30
                 	MOV  R@1,R31
                 	.ENDM
                 
                 	.MACRO __PUTW2R
                 	MOV  R@0,R26
                 	MOV  R@1,R27
                 	.ENDM
                 
                 	.MACRO __ADDWRN
                 	SUBI R@0,LOW(-@2)
                 	SBCI R@1,HIGH(-@2)
                 	.ENDM
                 
                 	.MACRO __ADDWRR
                 	ADD  R@0,R@2
                 	ADC  R@1,R@3
                 	.ENDM
                 
                 	.MACRO __SUBWRN
                 	SUBI R@0,LOW(@2)
                 	SBCI R@1,HIGH(@2)
                 	.ENDM
                 
                 	.MACRO __SUBWRR
                 	SUB  R@0,R@2
                 	SBC  R@1,R@3
                 	.ENDM
                 
                 	.MACRO __ANDWRN
                 	ANDI R@0,LOW(@2)
                 	ANDI R@1,HIGH(@2)
                 	.ENDM
                 
                 	.MACRO __ANDWRR
                 	AND  R@0,R@2
                 	AND  R@1,R@3
                 	.ENDM
                 
                 	.MACRO __ORWRN
                 	ORI  R@0,LOW(@2)
                 	ORI  R@1,HIGH(@2)
                 	.ENDM
                 
                 	.MACRO __ORWRR
                 	OR   R@0,R@2
                 	OR   R@1,R@3
                 	.ENDM
                 
                 	.MACRO __EORWRR
                 	EOR  R@0,R@2
                 	EOR  R@1,R@3
                 	.ENDM
                 
                 	.MACRO __GETWRS
                 	LDD  R@0,Y+@2
                 	LDD  R@1,Y+@2+1
                 	.ENDM
                 
                 	.MACRO __PUTBSR
                 	STD  Y+@1,R@0
                 	.ENDM
                 
                 	.MACRO __PUTWSR
                 	STD  Y+@2,R@0
                 	STD  Y+@2+1,R@1
                 	.ENDM
                 
                 	.MACRO __MOVEWRR
                 	MOV  R@0,R@2
                 	MOV  R@1,R@3
                 	.ENDM
                 
                 	.MACRO __INWR
                 	IN   R@0,@2
                 	IN   R@1,@2+1
                 	.ENDM
                 
                 	.MACRO __OUTWR
                 	OUT  @2+1,R@1
                 	OUT  @2,R@0
                 	.ENDM
                 
                 	.MACRO __CALL1MN
                 	LDS  R30,@0+(@1)
                 	LDS  R31,@0+(@1)+1
                 	ICALL
                 	.ENDM
                 
                 	.MACRO __CALL1FN
                 	LDI  R30,LOW(2*@0+(@1))
                 	LDI  R31,HIGH(2*@0+(@1))
                 	CALL __GETW1PF
                 	ICALL
                 	.ENDM
                 
                 	.MACRO __CALL2EN
                 	PUSH R26
                 	PUSH R27
                 	LDI  R26,LOW(@0+(@1))
                 	LDI  R27,HIGH(@0+(@1))
                 	CALL __EEPROMRDW
                 	POP  R27
                 	POP  R26
                 	ICALL
                 	.ENDM
                 
                 	.MACRO __CALL2EX
                 	SUBI R26,LOW(-@0)
                 	SBCI R27,HIGH(-@0)
                 	CALL __EEPROMRDD
                 	ICALL
                 	.ENDM
                 
                 	.MACRO __GETW1STACK
                 	IN   R30,SPL
                 	IN   R31,SPH
                 	ADIW R30,@0+1
                 	LD   R0,Z+
                 	LD   R31,Z
                 	MOV  R30,R0
                 	.ENDM
                 
                 	.MACRO __GETD1STACK
                 	IN   R30,SPL
                 	IN   R31,SPH
                 	ADIW R30,@0+1
                 	LD   R0,Z+
                 	LD   R1,Z+
                 	LD   R22,Z
                 	MOVW R30,R0
                 	.ENDM
                 
                 	.MACRO __NBST
                 	BST  R@0,@1
                 	IN   R30,SREG
                 	LDI  R31,0x40
                 	EOR  R30,R31
                 	OUT  SREG,R30
                 	.ENDM
                 
                 
                 	.MACRO __PUTB1SN
                 	LDD  R26,Y+@0
                 	LDD  R27,Y+@0+1
                 	SUBI R26,LOW(-@1)
                 	SBCI R27,HIGH(-@1)
                 	ST   X,R30
                 	.ENDM
                 
                 	.MACRO __PUTW1SN
                 	LDD  R26,Y+@0
                 	LDD  R27,Y+@0+1
                 	SUBI R26,LOW(-@1)
                 	SBCI R27,HIGH(-@1)
                 	ST   X+,R30
                 	ST   X,R31
                 	.ENDM
                 
                 	.MACRO __PUTD1SN
                 	LDD  R26,Y+@0
                 	LDD  R27,Y+@0+1
                 	SUBI R26,LOW(-@1)
                 	SBCI R27,HIGH(-@1)
                 	CALL __PUTDP1
                 	.ENDM
                 
                 	.MACRO __PUTB1SNS
                 	LDD  R26,Y+@0
                 	LDD  R27,Y+@0+1
                 	ADIW R26,@1
                 	ST   X,R30
                 	.ENDM
                 
                 	.MACRO __PUTW1SNS
                 	LDD  R26,Y+@0
                 	LDD  R27,Y+@0+1
                 	ADIW R26,@1
                 	ST   X+,R30
                 	ST   X,R31
                 	.ENDM
                 
                 	.MACRO __PUTD1SNS
                 	LDD  R26,Y+@0
                 	LDD  R27,Y+@0+1
                 	ADIW R26,@1
                 	CALL __PUTDP1
                 	.ENDM
                 
                 	.MACRO __PUTB1PMN
                 	LDS  R26,@0
                 	LDS  R27,@0+1
                 	SUBI R26,LOW(-@1)
                 	SBCI R27,HIGH(-@1)
                 	ST   X,R30
                 	.ENDM
                 
                 	.MACRO __PUTW1PMN
                 	LDS  R26,@0
                 	LDS  R27,@0+1
                 	SUBI R26,LOW(-@1)
                 	SBCI R27,HIGH(-@1)
                 	ST   X+,R30
                 	ST   X,R31
                 	.ENDM
                 
                 	.MACRO __PUTD1PMN
                 	LDS  R26,@0
                 	LDS  R27,@0+1
                 	SUBI R26,LOW(-@1)
                 	SBCI R27,HIGH(-@1)
                 	CALL __PUTDP1
                 	.ENDM
                 
                 	.MACRO __PUTB1PMNS
                 	LDS  R26,@0
                 	LDS  R27,@0+1
                 	ADIW R26,@1
                 	ST   X,R30
                 	.ENDM
                 
                 	.MACRO __PUTW1PMNS
                 	LDS  R26,@0
                 	LDS  R27,@0+1
                 	ADIW R26,@1
                 	ST   X+,R30
                 	ST   X,R31
                 	.ENDM
                 
                 	.MACRO __PUTD1PMNS
                 	LDS  R26,@0
                 	LDS  R27,@0+1
                 	ADIW R26,@1
                 	CALL __PUTDP1
                 	.ENDM
                 
                 	.MACRO __PUTB1RN
                 	MOVW R26,R@0
                 	SUBI R26,LOW(-@1)
                 	SBCI R27,HIGH(-@1)
                 	ST   X,R30
                 	.ENDM
                 
                 	.MACRO __PUTW1RN
                 	MOVW R26,R@0
                 	SUBI R26,LOW(-@1)
                 	SBCI R27,HIGH(-@1)
                 	ST   X+,R30
                 	ST   X,R31
                 	.ENDM
                 
                 	.MACRO __PUTD1RN
                 	MOVW R26,R@0
                 	SUBI R26,LOW(-@1)
                 	SBCI R27,HIGH(-@1)
                 	CALL __PUTDP1
                 	.ENDM
                 
                 	.MACRO __PUTB1RNS
                 	MOVW R26,R@0
                 	ADIW R26,@1
                 	ST   X,R30
                 	.ENDM
                 
                 	.MACRO __PUTW1RNS
                 	MOVW R26,R@0
                 	ADIW R26,@1
                 	ST   X+,R30
                 	ST   X,R31
                 	.ENDM
                 
                 	.MACRO __PUTD1RNS
                 	MOVW R26,R@0
                 	ADIW R26,@1
                 	CALL __PUTDP1
                 	.ENDM
                 
                 	.MACRO __PUTB1RON
                 	MOV  R26,R@0
                 	MOV  R27,R@1
                 	SUBI R26,LOW(-@2)
                 	SBCI R27,HIGH(-@2)
                 	ST   X,R30
                 	.ENDM
                 
                 	.MACRO __PUTW1RON
                 	MOV  R26,R@0
                 	MOV  R27,R@1
                 	SUBI R26,LOW(-@2)
                 	SBCI R27,HIGH(-@2)
                 	ST   X+,R30
                 	ST   X,R31
                 	.ENDM
                 
                 	.MACRO __PUTD1RON
                 	MOV  R26,R@0
                 	MOV  R27,R@1
                 	SUBI R26,LOW(-@2)
                 	SBCI R27,HIGH(-@2)
                 	CALL __PUTDP1
                 	.ENDM
                 
                 	.MACRO __PUTB1RONS
                 	MOV  R26,R@0
                 	MOV  R27,R@1
                 	ADIW R26,@2
                 	ST   X,R30
                 	.ENDM
                 
                 	.MACRO __PUTW1RONS
                 	MOV  R26,R@0
                 	MOV  R27,R@1
                 	ADIW R26,@2
                 	ST   X+,R30
                 	ST   X,R31
                 	.ENDM
                 
                 	.MACRO __PUTD1RONS
                 	MOV  R26,R@0
                 	MOV  R27,R@1
                 	ADIW R26,@2
                 	CALL __PUTDP1
                 	.ENDM
                 
                 
                 	.MACRO __GETB1SX
                 	MOVW R30,R28
                 	SUBI R30,LOW(-@0)
                 	SBCI R31,HIGH(-@0)
                 	LD   R30,Z
                 	.ENDM
                 
                 	.MACRO __GETB1HSX
                 	MOVW R30,R28
                 	SUBI R30,LOW(-@0)
                 	SBCI R31,HIGH(-@0)
                 	LD   R31,Z
                 	.ENDM
                 
                 	.MACRO __GETW1SX
                 	MOVW R30,R28
                 	SUBI R30,LOW(-@0)
                 	SBCI R31,HIGH(-@0)
                 	LD   R0,Z+
                 	LD   R31,Z
                 	MOV  R30,R0
                 	.ENDM
                 
                 	.MACRO __GETD1SX
                 	MOVW R30,R28
                 	SUBI R30,LOW(-@0)
                 	SBCI R31,HIGH(-@0)
                 	LD   R0,Z+
                 	LD   R1,Z+
                 	LD   R22,Z+
                 	LD   R23,Z
                 	MOVW R30,R0
                 	.ENDM
                 
                 	.MACRO __GETB2SX
                 	MOVW R26,R28
                 	SUBI R26,LOW(-@0)
                 	SBCI R27,HIGH(-@0)
                 	LD   R26,X
                 	.ENDM
                 
                 	.MACRO __GETW2SX
                 	MOVW R26,R28
                 	SUBI R26,LOW(-@0)
                 	SBCI R27,HIGH(-@0)
                 	LD   R0,X+
                 	LD   R27,X
                 	MOV  R26,R0
                 	.ENDM
                 
                 	.MACRO __GETD2SX
                 	MOVW R26,R28
                 	SUBI R26,LOW(-@0)
                 	SBCI R27,HIGH(-@0)
                 	LD   R0,X+
                 	LD   R1,X+
                 	LD   R24,X+
                 	LD   R25,X
                 	MOVW R26,R0
                 	.ENDM
                 
                 	.MACRO __GETBRSX
                 	MOVW R30,R28
                 	SUBI R30,LOW(-@1)
                 	SBCI R31,HIGH(-@1)
                 	LD   R@0,Z
                 	.ENDM
                 
                 	.MACRO __GETWRSX
                 	MOVW R30,R28
                 	SUBI R30,LOW(-@2)
                 	SBCI R31,HIGH(-@2)
                 	LD   R@0,Z+
                 	LD   R@1,Z
                 	.ENDM
                 
                 	.MACRO __GETBRSX2
                 	MOVW R26,R28
                 	SUBI R26,LOW(-@1)
                 	SBCI R27,HIGH(-@1)
                 	LD   R@0,X
                 	.ENDM
                 
                 	.MACRO __GETWRSX2
                 	MOVW R26,R28
                 	SUBI R26,LOW(-@2)
                 	SBCI R27,HIGH(-@2)
                 	LD   R@0,X+
                 	LD   R@1,X
                 	.ENDM
                 
                 	.MACRO __LSLW8SX
                 	MOVW R30,R28
                 	SUBI R30,LOW(-@0)
                 	SBCI R31,HIGH(-@0)
                 	LD   R31,Z
                 	CLR  R30
                 	.ENDM
                 
                 	.MACRO __PUTB1SX
                 	MOVW R26,R28
                 	SUBI R26,LOW(-@0)
                 	SBCI R27,HIGH(-@0)
                 	ST   X,R30
                 	.ENDM
                 
                 	.MACRO __PUTW1SX
                 	MOVW R26,R28
                 	SUBI R26,LOW(-@0)
                 	SBCI R27,HIGH(-@0)
                 	ST   X+,R30
                 	ST   X,R31
                 	.ENDM
                 
                 	.MACRO __PUTD1SX
                 	MOVW R26,R28
                 	SUBI R26,LOW(-@0)
                 	SBCI R27,HIGH(-@0)
                 	ST   X+,R30
                 	ST   X+,R31
                 	ST   X+,R22
                 	ST   X,R23
                 	.ENDM
                 
                 	.MACRO __CLRW1SX
                 	MOVW R26,R28
                 	SUBI R26,LOW(-@0)
                 	SBCI R27,HIGH(-@0)
                 	ST   X+,R30
                 	ST   X,R30
                 	.ENDM
                 
                 	.MACRO __CLRD1SX
                 	MOVW R26,R28
                 	SUBI R26,LOW(-@0)
                 	SBCI R27,HIGH(-@0)
                 	ST   X+,R30
                 	ST   X+,R30
                 	ST   X+,R30
                 	ST   X,R30
                 	.ENDM
                 
                 	.MACRO __PUTB2SX
                 	MOVW R30,R28
                 	SUBI R30,LOW(-@0)
                 	SBCI R31,HIGH(-@0)
                 	ST   Z,R26
                 	.ENDM
                 
                 	.MACRO __PUTW2SX
                 	MOVW R30,R28
                 	SUBI R30,LOW(-@0)
                 	SBCI R31,HIGH(-@0)
                 	ST   Z+,R26
                 	ST   Z,R27
                 	.ENDM
                 
                 	.MACRO __PUTD2SX
                 	MOVW R30,R28
                 	SUBI R30,LOW(-@0)
                 	SBCI R31,HIGH(-@0)
                 	ST   Z+,R26
                 	ST   Z+,R27
                 	ST   Z+,R24
                 	ST   Z,R25
                 	.ENDM
                 
                 	.MACRO __PUTBSRX
                 	MOVW R30,R28
                 	SUBI R30,LOW(-@1)
                 	SBCI R31,HIGH(-@1)
                 	ST   Z,R@0
                 	.ENDM
                 
                 	.MACRO __PUTWSRX
                 	MOVW R30,R28
                 	SUBI R30,LOW(-@2)
                 	SBCI R31,HIGH(-@2)
                 	ST   Z+,R@0
                 	ST   Z,R@1
                 	.ENDM
                 
                 	.MACRO __PUTB1SNX
                 	MOVW R26,R28
                 	SUBI R26,LOW(-@0)
                 	SBCI R27,HIGH(-@0)
                 	LD   R0,X+
                 	LD   R27,X
                 	MOV  R26,R0
                 	SUBI R26,LOW(-@1)
                 	SBCI R27,HIGH(-@1)
                 	ST   X,R30
                 	.ENDM
                 
                 	.MACRO __PUTW1SNX
                 	MOVW R26,R28
                 	SUBI R26,LOW(-@0)
                 	SBCI R27,HIGH(-@0)
                 	LD   R0,X+
                 	LD   R27,X
                 	MOV  R26,R0
                 	SUBI R26,LOW(-@1)
                 	SBCI R27,HIGH(-@1)
                 	ST   X+,R30
                 	ST   X,R31
                 	.ENDM
                 
                 	.MACRO __PUTD1SNX
                 	MOVW R26,R28
                 	SUBI R26,LOW(-@0)
                 	SBCI R27,HIGH(-@0)
                 	LD   R0,X+
                 	LD   R27,X
                 	MOV  R26,R0
                 	SUBI R26,LOW(-@1)
                 	SBCI R27,HIGH(-@1)
                 	ST   X+,R30
                 	ST   X+,R31
                 	ST   X+,R22
                 	ST   X,R23
                 	.ENDM
                 
                 	.MACRO __MULBRR
                 	MULS R@0,R@1
                 	MOVW R30,R0
                 	.ENDM
                 
                 	.MACRO __MULBRRU
                 	MUL  R@0,R@1
                 	MOVW R30,R0
                 	.ENDM
                 
                 	.MACRO __MULBRR0
                 	MULS R@0,R@1
                 	.ENDM
                 
                 	.MACRO __MULBRRU0
                 	MUL  R@0,R@1
                 	.ENDM
                 
                 	.MACRO __MULBNWRU
                 	LDI  R26,@2
                 	MUL  R26,R@0
                 	MOVW R30,R0
                 	MUL  R26,R@1
                 	ADD  R31,R0
                 	.ENDM
                 
                 ;NAME DEFINITIONS FOR GLOBAL VARIABLES ALLOCATED TO REGISTERS
                 	.DEF _number=R4
                 	.DEF _number_msb=R5
                 	.DEF _delay0=R6
                 	.DEF _delay0_msb=R7
                 	.DEF _delay1=R8
                 	.DEF _delay1_msb=R9
                 	.DEF _turn=R10
                 	.DEF _turn_msb=R11
                 	.DEF _temp0=R12
                 	.DEF _temp0_msb=R13
                 
                 	.CSEG
                 	.ORG 0x00
                 
                 ;START OF CODE MARKER
                 __START_OF_CODE:
                 
                 ;INTERRUPT VECTORS
000000 940c 003b 	JMP  __RESET
000002 940c 0000 	JMP  0x00
000004 940c 0000 	JMP  0x00
000006 940c 0000 	JMP  0x00
000008 940c 0000 	JMP  0x00
00000a 940c 0000 	JMP  0x00
00000c 940c 0000 	JMP  0x00
00000e 940c 0000 	JMP  0x00
000010 940c 00bb 	JMP  _timer1_ovf_isr
000012 940c 0068 	JMP  _timer0_ovf_isr
000014 940c 0000 	JMP  0x00
000016 940c 0000 	JMP  0x00
000018 940c 0000 	JMP  0x00
00001a 940c 0000 	JMP  0x00
00001c 940c 0000 	JMP  0x00
00001e 940c 0000 	JMP  0x00
000020 940c 0000 	JMP  0x00
000022 940c 0000 	JMP  0x00
000024 940c 0000 	JMP  0x00
000026 940c 0000 	JMP  0x00
000028 940c 0000 	JMP  0x00
                 
                 ;GLOBAL REGISTER VARIABLES INITIALIZATION
                 __REG_VARS:
00002a 0000
00002b 0000      	.DB  0x0,0x0,0x0,0x0
00002c 0000
00002d 0001      	.DB  0x0,0x0,0x1,0x0
                 
                 _0x2020060:
C:\Users\alireza\Desktop\MicroprocessorLab\assignment 2\problem 2\code\Debug\List\counter.asm(1134): warning: .cseg .db misalignment - padding zero byte
00002e 0001      	.DB  0x1
                 _0x2020000:
00002f 4e2d
000030 4e41
000031 4900
000032 464e      	.DB  0x2D,0x4E,0x41,0x4E,0x0,0x49,0x4E,0x46
C:\Users\alireza\Desktop\MicroprocessorLab\assignment 2\problem 2\code\Debug\List\counter.asm(1137): warning: .cseg .db misalignment - padding zero byte
000033 0000      	.DB  0x0
                 
                 __GLOBAL_INI_TBL:
000034 0008      	.DW  0x08
000035 0004      	.DW  0x04
000036 0054      	.DW  __REG_VARS*2
                 
000037 0001      	.DW  0x01
000038 0160      	.DW  __seed_G101
000039 005c      	.DW  _0x2020060*2
                 
                 _0xFFFFFFFF:
00003a 0000      	.DW  0
                 
                 #define __GLOBAL_INI_TBL_PRESENT 1
                 
                 __RESET:
00003b 94f8      	CLI
00003c 27ee      	CLR  R30
00003d bbec      	OUT  EECR,R30
                 
                 ;INTERRUPT VECTORS ARE PLACED
                 ;AT THE START OF FLASH
00003e e0f1      	LDI  R31,1
00003f bffb      	OUT  GICR,R31
000040 bfeb      	OUT  GICR,R30
000041 bfe5      	OUT  MCUCR,R30
                 
                 ;CLEAR R2-R14
000042 e08d      	LDI  R24,(14-2)+1
000043 e0a2      	LDI  R26,2
000044 27bb      	CLR  R27
                 __CLEAR_REG:
000045 93ed      	ST   X+,R30
000046 958a      	DEC  R24
000047 f7e9      	BRNE __CLEAR_REG
                 
                 ;CLEAR SRAM
000048 e080      	LDI  R24,LOW(__CLEAR_SRAM_SIZE)
000049 e094      	LDI  R25,HIGH(__CLEAR_SRAM_SIZE)
00004a e6a0      	LDI  R26,__SRAM_START
                 __CLEAR_SRAM:
00004b 93ed      	ST   X+,R30
00004c 9701      	SBIW R24,1
00004d f7e9      	BRNE __CLEAR_SRAM
                 
                 ;GLOBAL VARIABLES INITIALIZATION
00004e e6e8      	LDI  R30,LOW(__GLOBAL_INI_TBL*2)
00004f e0f0      	LDI  R31,HIGH(__GLOBAL_INI_TBL*2)
                 __GLOBAL_INI_NEXT:
000050 9185      	LPM  R24,Z+
000051 9195      	LPM  R25,Z+
000052 9700      	SBIW R24,0
000053 f061      	BREQ __GLOBAL_INI_END
000054 91a5      	LPM  R26,Z+
000055 91b5      	LPM  R27,Z+
000056 9005      	LPM  R0,Z+
000057 9015      	LPM  R1,Z+
000058 01bf      	MOVW R22,R30
000059 01f0      	MOVW R30,R0
                 __GLOBAL_INI_LOOP:
00005a 9005      	LPM  R0,Z+
00005b 920d      	ST   X+,R0
00005c 9701      	SBIW R24,1
00005d f7e1      	BRNE __GLOBAL_INI_LOOP
00005e 01fb      	MOVW R30,R22
00005f cff0      	RJMP __GLOBAL_INI_NEXT
                 __GLOBAL_INI_END:
                 
                 ;HARDWARE STACK POINTER INITIALIZATION
000060 e5ef      	LDI  R30,LOW(__SRAM_END-__HEAP_SIZE)
000061 bfed      	OUT  SPL,R30
000062 e0e4      	LDI  R30,HIGH(__SRAM_END-__HEAP_SIZE)
000063 bfee      	OUT  SPH,R30
                 
                 ;DATA STACK POINTER INITIALIZATION
000064 e6c0      	LDI  R28,LOW(__SRAM_START+__DSTACK_SIZE)
000065 e0d1      	LDI  R29,HIGH(__SRAM_START+__DSTACK_SIZE)
                 
000066 940c 00dc 	JMP  _main
                 
                 	.ESEG
                 	.ORG 0
                 
                 	.DSEG
                 	.ORG 0x160
                 
                 	.CSEG
                 ;/*******************************************************
                 ;This program was created by the
                 ;CodeWizardAVR V3.14 Advanced
                 ;Automatic Program Generator
                 ;© Copyright 1998-2014 Pavel Haiduc, HP InfoTech s.r.l.
                 ;http://www.hpinfotech.com
                 ;
                 ;Project : problem 2
                 ;Version : 1.0.0
                 ;Date    : 12/31/2020
                 ;Author  : Alireza Dizaji
                 ;Company :
                 ;Comments:
                 ;
                 ;
                 ;Chip type               : ATmega16
                 ;Program type            : Application
                 ;AVR Core Clock frequency: 12.000000 MHz
                 ;Memory model            : Small
                 ;External RAM size       : 0
                 ;Data Stack size         : 256
                 ;*******************************************************/
                 ;
                 ;#include <mega16.h>
                 	#ifndef __SLEEP_DEFINED__
                 	#define __SLEEP_DEFINED__
                 	.EQU __se_bit=0x40
                 	.EQU __sm_mask=0xB0
                 	.EQU __sm_powerdown=0x20
                 	.EQU __sm_powersave=0x30
                 	.EQU __sm_standby=0xA0
                 	.EQU __sm_ext_standby=0xB0
                 	.EQU __sm_adc_noise_red=0x10
                 	.SET power_ctrl_reg=mcucr
                 	#endif
                 ;#include <delay.h>
                 ;#include <math.h>
                 ;
                 ;int number = 0;
                 ;int delay0;
                 ;int delay1;
                 ;int turn=1;
                 ;int temp0;
                 ;
                 ;
                 ;// Timer 0 overflow interrupt service routine
                 ;interrupt [TIM0_OVF] void timer0_ovf_isr(void)
                 ; 0000 0025 {
                 
                 	.CSEG
                 _timer0_ovf_isr:
                 ; .FSTART _timer0_ovf_isr
000068 920a      	ST   -Y,R0
000069 921a      	ST   -Y,R1
00006a 92fa      	ST   -Y,R15
00006b 936a      	ST   -Y,R22
00006c 937a      	ST   -Y,R23
00006d 938a      	ST   -Y,R24
00006e 939a      	ST   -Y,R25
00006f 93aa      	ST   -Y,R26
000070 93ba      	ST   -Y,R27
000071 93ea      	ST   -Y,R30
000072 93fa      	ST   -Y,R31
000073 b7ef      	IN   R30,SREG
000074 93ea      	ST   -Y,R30
                 ; 0000 0026    ++delay1;
000075 01f4      	MOVW R30,R8
000076 9631      	ADIW R30,1
000077 014f      	MOVW R8,R30
                 ; 0000 0027 
                 ; 0000 0028    if(delay1 ==2){
000078 e0e2      	LDI  R30,LOW(2)
000079 e0f0      	LDI  R31,HIGH(2)
00007a 15e8      	CP   R30,R8
00007b 05f9      	CPC  R31,R9
00007c f571      	BRNE _0x3
                 ; 0000 0029         PORTC = pow(2, turn-1);
                +
00007d e0e0     +LDI R30 , LOW ( 0x40000000 )
00007e e0f0     +LDI R31 , HIGH ( 0x40000000 )
00007f e060     +LDI R22 , BYTE3 ( 0x40000000 )
000080 e470     +LDI R23 , BYTE4 ( 0x40000000 )
                 	__GETD1N 0x40000000
000081 940e 02aa 	CALL SUBOPT_0x0
000083 940e 0352 	CALL __CFD1U
000085 bbe5      	OUT  0x15,R30
                 ; 0000 002A         temp0 = number / pow(10,turn-1);
                +
000086 e0e0     +LDI R30 , LOW ( 0x41200000 )
000087 e0f0     +LDI R31 , HIGH ( 0x41200000 )
000088 e260     +LDI R22 , BYTE3 ( 0x41200000 )
000089 e471     +LDI R23 , BYTE4 ( 0x41200000 )
                 	__GETD1N 0x41200000
00008a 940e 02aa 	CALL SUBOPT_0x0
00008c 01d2      	MOVW R26,R4
00008d 940e 04d9 	CALL __CWD2
00008f 940e 051f 	CALL __CDF2
000091 940e 0463 	CALL __DIVF21
000093 940e 0354 	CALL __CFD1
000095 016f      	MOVW R12,R30
                 ; 0000 002B         temp0 = temp0 = temp0 % 10;
000096 01d6      	MOVW R26,R12
000097 e0ea      	LDI  R30,LOW(10)
000098 e0f0      	LDI  R31,HIGH(10)
000099 940e 04f1 	CALL __MODW21
00009b 016f      	MOVW R12,R30
00009c 016f      	MOVW R12,R30
                 ; 0000 002C         PORTD = temp0;
00009d bac2      	OUT  0x12,R12
                 ; 0000 002D         turn++;
00009e 01f5      	MOVW R30,R10
00009f 9631      	ADIW R30,1
0000a0 015f      	MOVW R10,R30
                 ; 0000 002E         if(turn>4) {
0000a1 e0e4      	LDI  R30,LOW(4)
0000a2 e0f0      	LDI  R31,HIGH(4)
0000a3 15ea      	CP   R30,R10
0000a4 05fb      	CPC  R31,R11
0000a5 f41c      	BRGE _0x4
                 ; 0000 002F             turn=1;
0000a6 e0e1      	LDI  R30,LOW(1)
0000a7 e0f0      	LDI  R31,HIGH(1)
0000a8 015f      	MOVW R10,R30
                 ; 0000 0030         }
                 ; 0000 0031         delay1 =0;
                 _0x4:
0000a9 2488      	CLR  R8
0000aa 2499      	CLR  R9
                 ; 0000 0032    }
                 ; 0000 0033 
                 ; 0000 0034     TCNT0=0x00;
                 _0x3:
0000ab e0e0      	LDI  R30,LOW(0)
0000ac bfe2      	OUT  0x32,R30
                 ; 0000 0035 }
0000ad 91e9      	LD   R30,Y+
0000ae bfef      	OUT  SREG,R30
0000af 91f9      	LD   R31,Y+
0000b0 91e9      	LD   R30,Y+
0000b1 91b9      	LD   R27,Y+
0000b2 91a9      	LD   R26,Y+
0000b3 9199      	LD   R25,Y+
0000b4 9189      	LD   R24,Y+
0000b5 9179      	LD   R23,Y+
0000b6 9169      	LD   R22,Y+
0000b7 90f9      	LD   R15,Y+
0000b8 9019      	LD   R1,Y+
0000b9 9009      	LD   R0,Y+
0000ba 9518      	RETI
                 ; .FEND
                 ;
                 ;
                 ;// Timer1 overflow interrupt service routine
                 ;interrupt [TIM1_OVF] void timer1_ovf_isr(void)
                 ; 0000 003A {
                 _timer1_ovf_isr:
                 ; .FSTART _timer1_ovf_isr
0000bb 93ea      	ST   -Y,R30
0000bc 93fa      	ST   -Y,R31
0000bd b7ef      	IN   R30,SREG
0000be 93ea      	ST   -Y,R30
                 ; 0000 003B     ++delay0;
0000bf 01f3      	MOVW R30,R6
0000c0 9631      	ADIW R30,1
0000c1 013f      	MOVW R6,R30
                 ; 0000 003C     if(delay0 == 250){
0000c2 efea      	LDI  R30,LOW(250)
0000c3 e0f0      	LDI  R31,HIGH(250)
0000c4 15e6      	CP   R30,R6
0000c5 05f7      	CPC  R31,R7
0000c6 f461      	BRNE _0x5
                 ; 0000 003D         if(number > 9999){
0000c7 e0ef      	LDI  R30,LOW(9999)
0000c8 e2f7      	LDI  R31,HIGH(9999)
0000c9 15e4      	CP   R30,R4
0000ca 05f5      	CPC  R31,R5
0000cb f414      	BRGE _0x6
                 ; 0000 003E             number = 0;
0000cc 2444      	CLR  R4
0000cd 2455      	CLR  R5
                 ; 0000 003F         }
                 ; 0000 0040         number++;
                 _0x6:
0000ce 01f2      	MOVW R30,R4
0000cf 9631      	ADIW R30,1
0000d0 012f      	MOVW R4,R30
                 ; 0000 0041         delay0 = 0;
0000d1 2466      	CLR  R6
0000d2 2477      	CLR  R7
                 ; 0000 0042     }
                 ; 0000 0043 
                 ; 0000 0044     TCNT1H=0xFF;
                 _0x5:
0000d3 efef      	LDI  R30,LOW(255)
0000d4 bded      	OUT  0x2D,R30
                 ; 0000 0045     TCNT1L=0xF0;
0000d5 efe0      	LDI  R30,LOW(240)
0000d6 bdec      	OUT  0x2C,R30
                 ; 0000 0046 }
0000d7 91e9      	LD   R30,Y+
0000d8 bfef      	OUT  SREG,R30
0000d9 91f9      	LD   R31,Y+
0000da 91e9      	LD   R30,Y+
0000db 9518      	RETI
                 ; .FEND
                 ;
                 ;void main(void)
                 ; 0000 0049 {
                 _main:
                 ; .FSTART _main
                 ; 0000 004A     TIMSK=(0<<OCIE2) | (0<<TOIE2) | (0<<TICIE1) | (0<<OCIE1A) | (0<<OCIE1B) | (1<<TOIE1) | (0<<OCIE0) | (1<<TOIE0);
0000dc e0e5      	LDI  R30,LOW(5)
0000dd bfe9      	OUT  0x39,R30
                 ; 0000 004B     TCCR0=(0<<WGM00) | (0<<COM01) | (0<<COM00) | (0<<WGM01) | (1<<CS02) | (0<<CS01) | (1<<CS00);
0000de bfe3      	OUT  0x33,R30
                 ; 0000 004C     TCNT0=0x00;
0000df e0e0      	LDI  R30,LOW(0)
0000e0 bfe2      	OUT  0x32,R30
                 ; 0000 004D     OCR0=0x00;
0000e1 bfec      	OUT  0x3C,R30
                 ; 0000 004E     TCCR1A=(0<<COM1A1) | (0<<COM1A0) | (0<<COM1B1) | (0<<COM1B0) | (0<<WGM11) | (0<<WGM10);
0000e2 bdef      	OUT  0x2F,R30
                 ; 0000 004F     TCCR1B=(0<<ICNC1) | (0<<ICES1) | (0<<WGM13) | (0<<WGM12) | (1<<CS12) | (0<<CS11) | (1<<CS10);
0000e3 e0e5      	LDI  R30,LOW(5)
0000e4 bdee      	OUT  0x2E,R30
                 ; 0000 0050     TCNT1H=0xFF;
0000e5 efef      	LDI  R30,LOW(255)
0000e6 bded      	OUT  0x2D,R30
                 ; 0000 0051     TCNT1L=0xF0;
0000e7 efe0      	LDI  R30,LOW(240)
0000e8 bdec      	OUT  0x2C,R30
                 ; 0000 0052     MCUCR=(0<<ISC11) | (0<<ISC10) | (0<<ISC01) | (0<<ISC00);
0000e9 e0e0      	LDI  R30,LOW(0)
0000ea bfe5      	OUT  0x35,R30
                 ; 0000 0053     MCUCSR=(0<<ISC2);
0000eb bfe4      	OUT  0x34,R30
                 ; 0000 0054 
                 ; 0000 0055 
                 ; 0000 0056     DDRD=0xff;
0000ec efef      	LDI  R30,LOW(255)
0000ed bbe1      	OUT  0x11,R30
                 ; 0000 0057     PORTD=0xff; //initial value for timer
0000ee bbe2      	OUT  0x12,R30
                 ; 0000 0058 
                 ; 0000 0059     DDRC=0xff;
0000ef bbe4      	OUT  0x14,R30
                 ; 0000 005A     PORTC=0xff;
0000f0 bbe5      	OUT  0x15,R30
                 ; 0000 005B 
                 ; 0000 005C     #asm("sei")
0000f1 9478      	sei
                 ; 0000 005D 
                 ; 0000 005E 
                 ; 0000 005F     while (1) {
                 _0x7:
                 ; 0000 0060 
                 ; 0000 0061     }
0000f2 cfff      	RJMP _0x7
                 ; 0000 0062 }
                 _0xA:
0000f3 cfff      	RJMP _0xA
                 ; .FEND
                 
                 	.CSEG
                 _ftrunc:
                 ; .FSTART _ftrunc
0000f4 940e 0518 	CALL __PUTPARD2
0000f6 817b         ldd  r23,y+3
0000f7 816a         ldd  r22,y+2
0000f8 81f9         ldd  r31,y+1
0000f9 81e8         ld   r30,y
0000fa fb77         bst  r23,7
0000fb 0f77         lsl  r23
0000fc fd67         sbrc r22,7
0000fd 6071         sbr  r23,1
0000fe 2f97         mov  r25,r23
0000ff 579e         subi r25,0x7e
000100 f081         breq __ftrunc0
000101 f078         brcs __ftrunc0
000102 3198         cpi  r25,24
000103 f490         brsh __ftrunc1
000104 27aa         clr  r26
000105 27bb         clr  r27
000106 2788         clr  r24
                 __ftrunc2:
000107 9408         sec
000108 9587         ror  r24
000109 95b7         ror  r27
00010a 95a7         ror  r26
00010b 959a         dec  r25
00010c f7d1         brne __ftrunc2
00010d 23ea         and  r30,r26
00010e 23fb         and  r31,r27
00010f 2368         and  r22,r24
000110 c005         rjmp __ftrunc1
                 __ftrunc0:
000111 94e8         clt
000112 2777         clr  r23
000113 27ee         clr  r30
000114 27ff         clr  r31
000115 2766         clr  r22
                 __ftrunc1:
000116 776f         cbr  r22,0x80
000117 9576         lsr  r23
000118 f408         brcc __ftrunc3
000119 6860         sbr  r22,0x80
                 __ftrunc3:
00011a f977         bld  r23,7
00011b 91a9         ld   r26,y+
00011c 91b9         ld   r27,y+
00011d 9189         ld   r24,y+
00011e 9199         ld   r25,y+
00011f 17ea         cp   r30,r26
000120 07fb         cpc  r31,r27
000121 0768         cpc  r22,r24
000122 0779         cpc  r23,r25
000123 fb97         bst  r25,7
000124 9508         ret
                 ; .FEND
                 _floor:
                 ; .FSTART _floor
000125 940e 0518 	CALL __PUTPARD2
000127 940e 0509 	CALL __GETD2S0
000129 940e 00f4 	CALL _ftrunc
00012b 940e 050e 	CALL __PUTD1S0
00012d f419          brne __floor1
                 __floor0:
00012e 940e 02b6 	CALL SUBOPT_0x1
000130 c005      	RJMP _0x2080004
                 __floor1:
000131 f7e6          brtc __floor0
000132 940e 02b6 	CALL SUBOPT_0x1
000134 940e 02b9 	CALL SUBOPT_0x2
                 _0x2080004:
000136 9624      	ADIW R28,4
000137 9508      	RET
                 ; .FEND
                 _log:
                 ; .FSTART _log
000138 940e 0518 	CALL __PUTPARD2
00013a 9724      	SBIW R28,4
00013b 931a      	ST   -Y,R17
00013c 930a      	ST   -Y,R16
00013d 940e 02c0 	CALL SUBOPT_0x3
00013f 940e 0533 	CALL __CPD02
000141 f02c      	BRLT _0x200000C
                +
000142 efef     +LDI R30 , LOW ( 0xFF7FFFFF )
000143 efff     +LDI R31 , HIGH ( 0xFF7FFFFF )
000144 e76f     +LDI R22 , BYTE3 ( 0xFF7FFFFF )
000145 ef7f     +LDI R23 , BYTE4 ( 0xFF7FFFFF )
                 	__GETD1N 0xFF7FFFFF
000146 c073      	RJMP _0x2080003
                 _0x200000C:
000147 940e 02c5 	CALL SUBOPT_0x4
000149 940e 0513 	CALL __PUTPARD1
00014b b7ad      	IN   R26,SPL
00014c b7be      	IN   R27,SPH
00014d 9711      	SBIW R26,1
00014e 931f      	PUSH R17
00014f 930f      	PUSH R16
000150 940e 0302 	CALL _frexp
000152 910f      	POP  R16
000153 911f      	POP  R17
000154 940e 02ca 	CALL SUBOPT_0x5
000156 940e 02c0 	CALL SUBOPT_0x3
                +
000158 efe3     +LDI R30 , LOW ( 0x3F3504F3 )
000159 e0f4     +LDI R31 , HIGH ( 0x3F3504F3 )
00015a e365     +LDI R22 , BYTE3 ( 0x3F3504F3 )
00015b e37f     +LDI R23 , BYTE4 ( 0x3F3504F3 )
                 	__GETD1N 0x3F3504F3
00015c 940e 04a8 	CALL __CMPF12
00015e f440      	BRSH _0x200000D
00015f 940e 02cf 	CALL SUBOPT_0x6
000161 940e 03c5 	CALL __ADDF12
000163 940e 02ca 	CALL SUBOPT_0x5
                +
000165 5001     +SUBI R16 , LOW ( 1 )
000166 4010     +SBCI R17 , HIGH ( 1 )
                 	__SUBWRN 16,17,1
                 _0x200000D:
000167 940e 02c5 	CALL SUBOPT_0x4
000169 940e 02b9 	CALL SUBOPT_0x2
00016b 937f      	PUSH R23
00016c 936f      	PUSH R22
00016d 93ff      	PUSH R31
00016e 93ef      	PUSH R30
00016f 940e 02c5 	CALL SUBOPT_0x4
                +
000171 e0a0     +LDI R26 , LOW ( 0x3F800000 )
000172 e0b0     +LDI R27 , HIGH ( 0x3F800000 )
000173 e880     +LDI R24 , BYTE3 ( 0x3F800000 )
000174 e39f     +LDI R25 , BYTE4 ( 0x3F800000 )
                 	__GETD2N 0x3F800000
000175 940e 03c5 	CALL __ADDF12
000177 91af      	POP  R26
000178 91bf      	POP  R27
000179 918f      	POP  R24
00017a 919f      	POP  R25
00017b 940e 0463 	CALL __DIVF21
00017d 940e 02ca 	CALL SUBOPT_0x5
00017f 940e 02cf 	CALL SUBOPT_0x6
000181 940e 02d1 	CALL SUBOPT_0x7
                +
000183 e2a6     +LDI R26 , LOW ( 0x3F654226 )
000184 e4b2     +LDI R27 , HIGH ( 0x3F654226 )
000185 e685     +LDI R24 , BYTE3 ( 0x3F654226 )
000186 e39f     +LDI R25 , BYTE4 ( 0x3F654226 )
                 	__GETD2N 0x3F654226
000187 940e 02d8 	CALL SUBOPT_0x8
                +
000189 e4ee     +LDI R30 , LOW ( 0x4054114E )
00018a e1f1     +LDI R31 , HIGH ( 0x4054114E )
00018b e564     +LDI R22 , BYTE3 ( 0x4054114E )
00018c e470     +LDI R23 , BYTE4 ( 0x4054114E )
                 	__GETD1N 0x4054114E
00018d 940e 02dd 	CALL SUBOPT_0x9
00018f 940e 02c0 	CALL SUBOPT_0x3
000191 940e 0415 	CALL __MULF12
000193 937f      	PUSH R23
000194 936f      	PUSH R22
000195 93ff      	PUSH R31
000196 93ef      	PUSH R30
000197 940e 02e2 	CALL SUBOPT_0xA
                +
000199 e4ad     +LDI R26 , LOW ( 0x3FD4114D )
00019a e1b1     +LDI R27 , HIGH ( 0x3FD4114D )
00019b ed84     +LDI R24 , BYTE3 ( 0x3FD4114D )
00019c e39f     +LDI R25 , BYTE4 ( 0x3FD4114D )
                 	__GETD2N 0x3FD4114D
00019d 940e 03be 	CALL __SUBF12
00019f 91af      	POP  R26
0001a0 91bf      	POP  R27
0001a1 918f      	POP  R24
0001a2 919f      	POP  R25
0001a3 940e 0463 	CALL __DIVF21
0001a5 937f      	PUSH R23
0001a6 936f      	PUSH R22
0001a7 93ff      	PUSH R31
0001a8 93ef      	PUSH R30
0001a9 01f8      	MOVW R30,R16
0001aa 940e 04d4 	CALL __CWD1
0001ac 940e 038b 	CALL __CDF1
                +
0001ae e1a8     +LDI R26 , LOW ( 0x3F317218 )
0001af e7b2     +LDI R27 , HIGH ( 0x3F317218 )
0001b0 e381     +LDI R24 , BYTE3 ( 0x3F317218 )
0001b1 e39f     +LDI R25 , BYTE4 ( 0x3F317218 )
                 	__GETD2N 0x3F317218
0001b2 940e 0415 	CALL __MULF12
0001b4 91af      	POP  R26
0001b5 91bf      	POP  R27
0001b6 918f      	POP  R24
0001b7 919f      	POP  R25
0001b8 940e 03c5 	CALL __ADDF12
                 _0x2080003:
0001ba 8119      	LDD  R17,Y+1
0001bb 8108      	LDD  R16,Y+0
0001bc 962a      	ADIW R28,10
0001bd 9508      	RET
                 ; .FEND
                 _exp:
                 ; .FSTART _exp
0001be 940e 0518 	CALL __PUTPARD2
0001c0 9728      	SBIW R28,8
0001c1 931a      	ST   -Y,R17
0001c2 930a      	ST   -Y,R16
0001c3 940e 02e7 	CALL SUBOPT_0xB
                +
0001c5 e5e0     +LDI R30 , LOW ( 0xC2AEAC50 )
0001c6 eafc     +LDI R31 , HIGH ( 0xC2AEAC50 )
0001c7 ea6e     +LDI R22 , BYTE3 ( 0xC2AEAC50 )
0001c8 ec72     +LDI R23 , BYTE4 ( 0xC2AEAC50 )
                 	__GETD1N 0xC2AEAC50
0001c9 940e 04a8 	CALL __CMPF12
0001cb f418      	BRSH _0x200000F
0001cc 940e 02ec 	CALL SUBOPT_0xC
0001ce c085      	RJMP _0x2080002
                 _0x200000F:
                +
0001cf 85ea     +LDD R30 , Y + 10
0001d0 85fb     +LDD R31 , Y + 10 + 1
0001d1 856c     +LDD R22 , Y + 10 + 2
0001d2 857d     +LDD R23 , Y + 10 + 3
                 	__GETD1S 10
0001d3 940e 052f 	CALL __CPD10
0001d5 f429      	BRNE _0x2000010
                +
0001d6 e0e0     +LDI R30 , LOW ( 0x3F800000 )
0001d7 e0f0     +LDI R31 , HIGH ( 0x3F800000 )
0001d8 e860     +LDI R22 , BYTE3 ( 0x3F800000 )
0001d9 e37f     +LDI R23 , BYTE4 ( 0x3F800000 )
                 	__GETD1N 0x3F800000
0001da c079      	RJMP _0x2080002
                 _0x2000010:
0001db 940e 02e7 	CALL SUBOPT_0xB
                +
0001dd e1e8     +LDI R30 , LOW ( 0x42B17218 )
0001de e7f2     +LDI R31 , HIGH ( 0x42B17218 )
0001df eb61     +LDI R22 , BYTE3 ( 0x42B17218 )
0001e0 e472     +LDI R23 , BYTE4 ( 0x42B17218 )
                 	__GETD1N 0x42B17218
0001e1 940e 04a8 	CALL __CMPF12
0001e3 f009      	BREQ PC+2
0001e4 f408      	BRCC PC+2
0001e5 c005      	RJMP _0x2000011
                +
0001e6 efef     +LDI R30 , LOW ( 0x7F7FFFFF )
0001e7 efff     +LDI R31 , HIGH ( 0x7F7FFFFF )
0001e8 e76f     +LDI R22 , BYTE3 ( 0x7F7FFFFF )
0001e9 e77f     +LDI R23 , BYTE4 ( 0x7F7FFFFF )
                 	__GETD1N 0x7F7FFFFF
0001ea c069      	RJMP _0x2080002
                 _0x2000011:
0001eb 940e 02e7 	CALL SUBOPT_0xB
                +
0001ed e3eb     +LDI R30 , LOW ( 0x3FB8AA3B )
0001ee eafa     +LDI R31 , HIGH ( 0x3FB8AA3B )
0001ef eb68     +LDI R22 , BYTE3 ( 0x3FB8AA3B )
0001f0 e37f     +LDI R23 , BYTE4 ( 0x3FB8AA3B )
                 	__GETD1N 0x3FB8AA3B
0001f1 940e 0415 	CALL __MULF12
                +
0001f3 87ea     +STD Y + 10 , R30
0001f4 87fb     +STD Y + 10 + 1 , R31
0001f5 876c     +STD Y + 10 + 2 , R22
0001f6 877d     +STD Y + 10 + 3 , R23
                 	__PUTD1S 10
0001f7 940e 02e7 	CALL SUBOPT_0xB
0001f9 df2b      	RCALL _floor
0001fa 940e 0354 	CALL __CFD1
0001fc 018f      	MOVW R16,R30
0001fd 940e 02e7 	CALL SUBOPT_0xB
0001ff 940e 04d4 	CALL __CWD1
000201 940e 038b 	CALL __CDF1
000203 940e 02dd 	CALL SUBOPT_0x9
000205 01df      	MOVW R26,R30
000206 01cb      	MOVW R24,R22
                +
000207 e0e0     +LDI R30 , LOW ( 0x3F000000 )
000208 e0f0     +LDI R31 , HIGH ( 0x3F000000 )
000209 e060     +LDI R22 , BYTE3 ( 0x3F000000 )
00020a e37f     +LDI R23 , BYTE4 ( 0x3F000000 )
                 	__GETD1N 0x3F000000
00020b 940e 02dd 	CALL SUBOPT_0x9
00020d 940e 02ca 	CALL SUBOPT_0x5
00020f 940e 02cf 	CALL SUBOPT_0x6
000211 940e 02d1 	CALL SUBOPT_0x7
                +
000213 e6ad     +LDI R26 , LOW ( 0x3D6C4C6D )
000214 e4bc     +LDI R27 , HIGH ( 0x3D6C4C6D )
000215 e68c     +LDI R24 , BYTE3 ( 0x3D6C4C6D )
000216 e39d     +LDI R25 , BYTE4 ( 0x3D6C4C6D )
                 	__GETD2N 0x3D6C4C6D
000217 940e 0415 	CALL __MULF12
                +
000219 eaa6     +LDI R26 , LOW ( 0x40E6E3A6 )
00021a eeb3     +LDI R27 , HIGH ( 0x40E6E3A6 )
00021b ee86     +LDI R24 , BYTE3 ( 0x40E6E3A6 )
00021c e490     +LDI R25 , BYTE4 ( 0x40E6E3A6 )
                 	__GETD2N 0x40E6E3A6
00021d 940e 03c5 	CALL __ADDF12
00021f 940e 02c0 	CALL SUBOPT_0x3
000221 940e 0415 	CALL __MULF12
000223 940e 02ca 	CALL SUBOPT_0x5
000225 940e 02e2 	CALL SUBOPT_0xA
                +
000227 e2a8     +LDI R26 , LOW ( 0x41A68D28 )
000228 e8bd     +LDI R27 , HIGH ( 0x41A68D28 )
000229 ea86     +LDI R24 , BYTE3 ( 0x41A68D28 )
00022a e491     +LDI R25 , BYTE4 ( 0x41A68D28 )
                 	__GETD2N 0x41A68D28
00022b 940e 03c5 	CALL __ADDF12
                +
00022d 83ea     +STD Y + 2 , R30
00022e 83fb     +STD Y + 2 + 1 , R31
00022f 836c     +STD Y + 2 + 2 , R22
000230 837d     +STD Y + 2 + 3 , R23
                 	__PUTD1S 2
000231 940e 02c5 	CALL SUBOPT_0x4
                +
000233 81aa     +LDD R26 , Y + 2
000234 81bb     +LDD R27 , Y + 2 + 1
000235 818c     +LDD R24 , Y + 2 + 2
000236 819d     +LDD R25 , Y + 2 + 3
                 	__GETD2S 2
000237 940e 03c5 	CALL __ADDF12
                +
000239 efa3     +LDI R26 , LOW ( 0x3FB504F3 )
00023a e0b4     +LDI R27 , HIGH ( 0x3FB504F3 )
00023b eb85     +LDI R24 , BYTE3 ( 0x3FB504F3 )
00023c e39f     +LDI R25 , BYTE4 ( 0x3FB504F3 )
                 	__GETD2N 0x3FB504F3
00023d 940e 0415 	CALL __MULF12
00023f 937f      	PUSH R23
000240 936f      	PUSH R22
000241 93ff      	PUSH R31
000242 93ef      	PUSH R30
000243 940e 02c0 	CALL SUBOPT_0x3
000245 940e 02e2 	CALL SUBOPT_0xA
000247 940e 03be 	CALL __SUBF12
000249 91af      	POP  R26
00024a 91bf      	POP  R27
00024b 918f      	POP  R24
00024c 919f      	POP  R25
00024d 940e 0463 	CALL __DIVF21
00024f 940e 0513 	CALL __PUTPARD1
000251 01d8      	MOVW R26,R16
000252 940e 0313 	CALL _ldexp
                 _0x2080002:
000254 8119      	LDD  R17,Y+1
000255 8108      	LDD  R16,Y+0
000256 962e      	ADIW R28,14
000257 9508      	RET
                 ; .FEND
                 _pow:
                 ; .FSTART _pow
000258 940e 0518 	CALL __PUTPARD2
00025a 9724      	SBIW R28,4
00025b 940e 02f1 	CALL SUBOPT_0xD
00025d 940e 052f 	CALL __CPD10
00025f f419      	BRNE _0x2000012
000260 940e 02ec 	CALL SUBOPT_0xC
000262 c045      	RJMP _0x2080001
                 _0x2000012:
                +
000263 85a8     +LDD R26 , Y + 8
000264 85b9     +LDD R27 , Y + 8 + 1
000265 858a     +LDD R24 , Y + 8 + 2
000266 859b     +LDD R25 , Y + 8 + 3
                 	__GETD2S 8
000267 940e 0533 	CALL __CPD02
000269 f494      	BRGE _0x2000013
00026a 940e 02f6 	CALL SUBOPT_0xE
00026c 940e 052f 	CALL __CPD10
00026e f429      	BRNE _0x2000014
                +
00026f e0e0     +LDI R30 , LOW ( 0x3F800000 )
000270 e0f0     +LDI R31 , HIGH ( 0x3F800000 )
000271 e860     +LDI R22 , BYTE3 ( 0x3F800000 )
000272 e37f     +LDI R23 , BYTE4 ( 0x3F800000 )
                 	__GETD1N 0x3F800000
000273 c034      	RJMP _0x2080001
                 _0x2000014:
                +
000274 85a8     +LDD R26 , Y + 8
000275 85b9     +LDD R27 , Y + 8 + 1
000276 858a     +LDD R24 , Y + 8 + 2
000277 859b     +LDD R25 , Y + 8 + 3
                 	__GETD2S 8
000278 940e 02fb 	CALL SUBOPT_0xF
00027a df43      	RCALL _exp
00027b c02c      	RJMP _0x2080001
                 _0x2000013:
00027c 940e 02f6 	CALL SUBOPT_0xE
00027e 01de      	MOVW R26,R28
00027f 940e 0354 	CALL __CFD1
000281 940e 04ff 	CALL __PUTDP1
000283 940e 02b6 	CALL SUBOPT_0x1
000285 940e 038b 	CALL __CDF1
000287 01df      	MOVW R26,R30
000288 01cb      	MOVW R24,R22
000289 940e 02f6 	CALL SUBOPT_0xE
00028b 940e 0539 	CALL __CPD12
00028d f019      	BREQ _0x2000015
00028e 940e 02ec 	CALL SUBOPT_0xC
000290 c017      	RJMP _0x2080001
                 _0x2000015:
000291 940e 02f1 	CALL SUBOPT_0xD
000293 940e 031f 	CALL __ANEGF1
000295 01df      	MOVW R26,R30
000296 01cb      	MOVW R24,R22
000297 940e 02fb 	CALL SUBOPT_0xF
000299 df24      	RCALL _exp
                +
00029a 87e8     +STD Y + 8 , R30
00029b 87f9     +STD Y + 8 + 1 , R31
00029c 876a     +STD Y + 8 + 2 , R22
00029d 877b     +STD Y + 8 + 3 , R23
                 	__PUTD1S 8
00029e 81e8      	LD   R30,Y
00029f 70e1      	ANDI R30,LOW(0x1)
0002a0 f419      	BRNE _0x2000016
0002a1 940e 02f1 	CALL SUBOPT_0xD
0002a3 c004      	RJMP _0x2080001
                 _0x2000016:
0002a4 940e 02f1 	CALL SUBOPT_0xD
0002a6 940e 031f 	CALL __ANEGF1
                 _0x2080001:
0002a8 962c      	ADIW R28,12
0002a9 9508      	RET
                 ; .FEND
                 
                 	.CSEG
                 
                 	.DSEG
                 
                 	.CSEG
                 
                 	.CSEG
                 
                 	.CSEG
                 
                 	.DSEG
                 __seed_G101:
000160           	.BYTE 0x4
                 
                 	.CSEG
                 ;OPTIMIZER ADDED SUBROUTINE, CALLED 2 TIMES, CODE SIZE REDUCTION:7 WORDS
                 SUBOPT_0x0:
0002aa 940e 0513 	CALL __PUTPARD1
0002ac 01f5      	MOVW R30,R10
0002ad 9731      	SBIW R30,1
0002ae 940e 04d4 	CALL __CWD1
0002b0 940e 038b 	CALL __CDF1
0002b2 01df      	MOVW R26,R30
0002b3 01cb      	MOVW R24,R22
0002b4 940c 0258 	JMP  _pow
                 
                 ;OPTIMIZER ADDED SUBROUTINE, CALLED 3 TIMES, CODE SIZE REDUCTION:1 WORDS
                 SUBOPT_0x1:
0002b6 940e 0504 	CALL __GETD1S0
0002b8 9508      	RET
                 
                 ;OPTIMIZER ADDED SUBROUTINE, CALLED 2 TIMES, CODE SIZE REDUCTION:1 WORDS
                 SUBOPT_0x2:
                +
0002b9 e0a0     +LDI R26 , LOW ( 0x3F800000 )
0002ba e0b0     +LDI R27 , HIGH ( 0x3F800000 )
0002bb e880     +LDI R24 , BYTE3 ( 0x3F800000 )
0002bc e39f     +LDI R25 , BYTE4 ( 0x3F800000 )
                 	__GETD2N 0x3F800000
0002bd 940e 03be 	CALL __SUBF12
0002bf 9508      	RET
                 
                 ;OPTIMIZER ADDED SUBROUTINE, CALLED 8 TIMES, CODE SIZE REDUCTION:11 WORDS
                 SUBOPT_0x3:
                +
0002c0 81ae     +LDD R26 , Y + 6
0002c1 81bf     +LDD R27 , Y + 6 + 1
0002c2 8588     +LDD R24 , Y + 6 + 2
0002c3 8599     +LDD R25 , Y + 6 + 3
                 	__GETD2S 6
0002c4 9508      	RET
                 
                 ;OPTIMIZER ADDED SUBROUTINE, CALLED 7 TIMES, CODE SIZE REDUCTION:9 WORDS
                 SUBOPT_0x4:
                +
0002c5 81ee     +LDD R30 , Y + 6
0002c6 81ff     +LDD R31 , Y + 6 + 1
0002c7 8568     +LDD R22 , Y + 6 + 2
0002c8 8579     +LDD R23 , Y + 6 + 3
                 	__GETD1S 6
0002c9 9508      	RET
                 
                 ;OPTIMIZER ADDED SUBROUTINE, CALLED 5 TIMES, CODE SIZE REDUCTION:5 WORDS
                 SUBOPT_0x5:
                +
0002ca 83ee     +STD Y + 6 , R30
0002cb 83ff     +STD Y + 6 + 1 , R31
0002cc 8768     +STD Y + 6 + 2 , R22
0002cd 8779     +STD Y + 6 + 3 , R23
                 	__PUTD1S 6
0002ce 9508      	RET
                 
                 ;OPTIMIZER ADDED SUBROUTINE, CALLED 3 TIMES, CODE SIZE REDUCTION:1 WORDS
                 SUBOPT_0x6:
0002cf dff5      	RCALL SUBOPT_0x4
0002d0 cfef      	RJMP SUBOPT_0x3
                 
                 ;OPTIMIZER ADDED SUBROUTINE, CALLED 2 TIMES, CODE SIZE REDUCTION:5 WORDS
                 SUBOPT_0x7:
0002d1 940e 0415 	CALL __MULF12
                +
0002d3 83ea     +STD Y + 2 , R30
0002d4 83fb     +STD Y + 2 + 1 , R31
0002d5 836c     +STD Y + 2 + 2 , R22
0002d6 837d     +STD Y + 2 + 3 , R23
                 	__PUTD1S 2
0002d7 9508      	RET
                 
                 ;OPTIMIZER ADDED SUBROUTINE, CALLED 3 TIMES, CODE SIZE REDUCTION:1 WORDS
                 SUBOPT_0x8:
0002d8 940e 0415 	CALL __MULF12
0002da 01df      	MOVW R26,R30
0002db 01cb      	MOVW R24,R22
0002dc 9508      	RET
                 
                 ;OPTIMIZER ADDED SUBROUTINE, CALLED 3 TIMES, CODE SIZE REDUCTION:1 WORDS
                 SUBOPT_0x9:
0002dd 940e 0522 	CALL __SWAPD12
0002df 940e 03be 	CALL __SUBF12
0002e1 9508      	RET
                 
                 ;OPTIMIZER ADDED SUBROUTINE, CALLED 3 TIMES, CODE SIZE REDUCTION:1 WORDS
                 SUBOPT_0xA:
                +
0002e2 81ea     +LDD R30 , Y + 2
0002e3 81fb     +LDD R31 , Y + 2 + 1
0002e4 816c     +LDD R22 , Y + 2 + 2
0002e5 817d     +LDD R23 , Y + 2 + 3
                 	__GETD1S 2
0002e6 9508      	RET
                 
                 ;OPTIMIZER ADDED SUBROUTINE, CALLED 5 TIMES, CODE SIZE REDUCTION:5 WORDS
                 SUBOPT_0xB:
                +
0002e7 85aa     +LDD R26 , Y + 10
0002e8 85bb     +LDD R27 , Y + 10 + 1
0002e9 858c     +LDD R24 , Y + 10 + 2
0002ea 859d     +LDD R25 , Y + 10 + 3
                 	__GETD2S 10
0002eb 9508      	RET
                 
                 ;OPTIMIZER ADDED SUBROUTINE, CALLED 3 TIMES, CODE SIZE REDUCTION:1 WORDS
                 SUBOPT_0xC:
                +
0002ec e0e0     +LDI R30 , LOW ( 0x0 )
0002ed e0f0     +LDI R31 , HIGH ( 0x0 )
0002ee e060     +LDI R22 , BYTE3 ( 0x0 )
0002ef e070     +LDI R23 , BYTE4 ( 0x0 )
                 	__GETD1N 0x0
0002f0 9508      	RET
                 
                 ;OPTIMIZER ADDED SUBROUTINE, CALLED 4 TIMES, CODE SIZE REDUCTION:3 WORDS
                 SUBOPT_0xD:
                +
0002f1 85e8     +LDD R30 , Y + 8
0002f2 85f9     +LDD R31 , Y + 8 + 1
0002f3 856a     +LDD R22 , Y + 8 + 2
0002f4 857b     +LDD R23 , Y + 8 + 3
                 	__GETD1S 8
0002f5 9508      	RET
                 
                 ;OPTIMIZER ADDED SUBROUTINE, CALLED 3 TIMES, CODE SIZE REDUCTION:1 WORDS
                 SUBOPT_0xE:
                +
0002f6 81ec     +LDD R30 , Y + 4
0002f7 81fd     +LDD R31 , Y + 4 + 1
0002f8 816e     +LDD R22 , Y + 4 + 2
0002f9 817f     +LDD R23 , Y + 4 + 3
                 	__GETD1S 4
0002fa 9508      	RET
                 
                 ;OPTIMIZER ADDED SUBROUTINE, CALLED 2 TIMES, CODE SIZE REDUCTION:3 WORDS
                 SUBOPT_0xF:
0002fb 940e 0138 	CALL _log
                +
0002fd 81ac     +LDD R26 , Y + 4
0002fe 81bd     +LDD R27 , Y + 4 + 1
0002ff 818e     +LDD R24 , Y + 4 + 2
000300 819f     +LDD R25 , Y + 4 + 3
                 	__GETD2S 4
000301 cfd6      	RJMP SUBOPT_0x8
                 
                 
                 	.CSEG
                 _frexp:
000302 91e9      	LD   R30,Y+
000303 91f9      	LD   R31,Y+
000304 9169      	LD   R22,Y+
000305 9179      	LD   R23,Y+
000306 fb77      	BST  R23,7
000307 0f66      	LSL  R22
000308 1f77      	ROL  R23
000309 2788      	CLR  R24
00030a 577e      	SUBI R23,0x7E
00030b 0b88      	SBC  R24,R24
00030c 937d      	ST   X+,R23
00030d 938c      	ST   X,R24
00030e e77e      	LDI  R23,0x7E
00030f 9576      	LSR  R23
000310 9567      	ROR  R22
000311 f06e      	BRTS __ANEGF1
000312 9508      	RET
                 
                 _ldexp:
000313 91e9      	LD   R30,Y+
000314 91f9      	LD   R31,Y+
000315 9169      	LD   R22,Y+
000316 9179      	LD   R23,Y+
000317 fb77      	BST  R23,7
000318 0f66      	LSL  R22
000319 1f77      	ROL  R23
00031a 0f7a      	ADD  R23,R26
00031b 9576      	LSR  R23
00031c 9567      	ROR  R22
00031d f00e      	BRTS __ANEGF1
00031e 9508      	RET
                 
                 __ANEGF1:
00031f 9730      	SBIW R30,0
000320 4060      	SBCI R22,0
000321 4070      	SBCI R23,0
000322 f009      	BREQ __ANEGF10
000323 5870      	SUBI R23,0x80
                 __ANEGF10:
000324 9508      	RET
                 
                 __ROUND_REPACK:
000325 2355      	TST  R21
000326 f442      	BRPL __REPACK
000327 3850      	CPI  R21,0x80
000328 f411      	BRNE __ROUND_REPACK0
000329 ffe0      	SBRS R30,0
00032a c004      	RJMP __REPACK
                 __ROUND_REPACK0:
00032b 9631      	ADIW R30,1
00032c 1f69      	ADC  R22,R25
00032d 1f79      	ADC  R23,R25
00032e f06b      	BRVS __REPACK1
                 
                 __REPACK:
00032f e850      	LDI  R21,0x80
000330 2757      	EOR  R21,R23
000331 f411      	BRNE __REPACK0
000332 935f      	PUSH R21
000333 c0cf      	RJMP __ZERORES
                 __REPACK0:
000334 3f5f      	CPI  R21,0xFF
000335 f031      	BREQ __REPACK1
000336 0f66      	LSL  R22
000337 0c00      	LSL  R0
000338 9557      	ROR  R21
000339 9567      	ROR  R22
00033a 2f75      	MOV  R23,R21
00033b 9508      	RET
                 __REPACK1:
00033c 935f      	PUSH R21
00033d 2000      	TST  R0
00033e f00a      	BRMI __REPACK2
00033f c0cf      	RJMP __MAXRES
                 __REPACK2:
000340 c0c8      	RJMP __MINRES
                 
                 __UNPACK:
000341 e850      	LDI  R21,0x80
000342 2e19      	MOV  R1,R25
000343 2215      	AND  R1,R21
000344 0f88      	LSL  R24
000345 1f99      	ROL  R25
000346 2795      	EOR  R25,R21
000347 0f55      	LSL  R21
000348 9587      	ROR  R24
                 
                 __UNPACK1:
000349 e850      	LDI  R21,0x80
00034a 2e07      	MOV  R0,R23
00034b 2205      	AND  R0,R21
00034c 0f66      	LSL  R22
00034d 1f77      	ROL  R23
00034e 2775      	EOR  R23,R21
00034f 0f55      	LSL  R21
000350 9567      	ROR  R22
000351 9508      	RET
                 
                 __CFD1U:
000352 9468      	SET
000353 c001      	RJMP __CFD1U0
                 __CFD1:
000354 94e8      	CLT
                 __CFD1U0:
000355 935f      	PUSH R21
000356 dff2      	RCALL __UNPACK1
000357 3870      	CPI  R23,0x80
000358 f018      	BRLO __CFD10
000359 3f7f      	CPI  R23,0xFF
00035a f408      	BRCC __CFD10
00035b c0a7      	RJMP __ZERORES
                 __CFD10:
00035c e156      	LDI  R21,22
00035d 1b57      	SUB  R21,R23
00035e f4aa      	BRPL __CFD11
00035f 9551      	NEG  R21
000360 3058      	CPI  R21,8
000361 f40e      	BRTC __CFD19
000362 3059      	CPI  R21,9
                 __CFD19:
000363 f030      	BRLO __CFD17
000364 efef      	SER  R30
000365 efff      	SER  R31
000366 ef6f      	SER  R22
000367 e77f      	LDI  R23,0x7F
000368 f977      	BLD  R23,7
000369 c01a      	RJMP __CFD15
                 __CFD17:
00036a 2777      	CLR  R23
00036b 2355      	TST  R21
00036c f0b9      	BREQ __CFD15
                 __CFD18:
00036d 0fee      	LSL  R30
00036e 1fff      	ROL  R31
00036f 1f66      	ROL  R22
000370 1f77      	ROL  R23
000371 955a      	DEC  R21
000372 f7d1      	BRNE __CFD18
000373 c010      	RJMP __CFD15
                 __CFD11:
000374 2777      	CLR  R23
                 __CFD12:
000375 3058      	CPI  R21,8
000376 f028      	BRLO __CFD13
000377 2fef      	MOV  R30,R31
000378 2ff6      	MOV  R31,R22
000379 2f67      	MOV  R22,R23
00037a 5058      	SUBI R21,8
00037b cff9      	RJMP __CFD12
                 __CFD13:
00037c 2355      	TST  R21
00037d f031      	BREQ __CFD15
                 __CFD14:
00037e 9576      	LSR  R23
00037f 9567      	ROR  R22
000380 95f7      	ROR  R31
000381 95e7      	ROR  R30
000382 955a      	DEC  R21
000383 f7d1      	BRNE __CFD14
                 __CFD15:
000384 2000      	TST  R0
000385 f40a      	BRPL __CFD16
000386 d145      	RCALL __ANEGD1
                 __CFD16:
000387 915f      	POP  R21
000388 9508      	RET
                 
                 __CDF1U:
000389 9468      	SET
00038a c001      	RJMP __CDF1U0
                 __CDF1:
00038b 94e8      	CLT
                 __CDF1U0:
00038c 9730      	SBIW R30,0
00038d 4060      	SBCI R22,0
00038e 4070      	SBCI R23,0
00038f f0b1      	BREQ __CDF10
000390 2400      	CLR  R0
000391 f026      	BRTS __CDF11
000392 2377      	TST  R23
000393 f412      	BRPL __CDF11
000394 9400      	COM  R0
000395 d136      	RCALL __ANEGD1
                 __CDF11:
000396 2e17      	MOV  R1,R23
000397 e17e      	LDI  R23,30
000398 2011      	TST  R1
                 __CDF12:
000399 f032      	BRMI __CDF13
00039a 957a      	DEC  R23
00039b 0fee      	LSL  R30
00039c 1fff      	ROL  R31
00039d 1f66      	ROL  R22
00039e 1c11      	ROL  R1
00039f cff9      	RJMP __CDF12
                 __CDF13:
0003a0 2fef      	MOV  R30,R31
0003a1 2ff6      	MOV  R31,R22
0003a2 2d61      	MOV  R22,R1
0003a3 935f      	PUSH R21
0003a4 df8a      	RCALL __REPACK
0003a5 915f      	POP  R21
                 __CDF10:
0003a6 9508      	RET
                 
                 __SWAPACC:
0003a7 934f      	PUSH R20
0003a8 01af      	MOVW R20,R30
0003a9 01fd      	MOVW R30,R26
0003aa 01da      	MOVW R26,R20
0003ab 01ab      	MOVW R20,R22
0003ac 01bc      	MOVW R22,R24
0003ad 01ca      	MOVW R24,R20
0003ae 2d40      	MOV  R20,R0
0003af 2c01      	MOV  R0,R1
0003b0 2e14      	MOV  R1,R20
0003b1 914f      	POP  R20
0003b2 9508      	RET
                 
                 __UADD12:
0003b3 0fea      	ADD  R30,R26
0003b4 1ffb      	ADC  R31,R27
0003b5 1f68      	ADC  R22,R24
0003b6 9508      	RET
                 
                 __NEGMAN1:
0003b7 95e0      	COM  R30
0003b8 95f0      	COM  R31
0003b9 9560      	COM  R22
0003ba 5fef      	SUBI R30,-1
0003bb 4fff      	SBCI R31,-1
0003bc 4f6f      	SBCI R22,-1
0003bd 9508      	RET
                 
                 __SUBF12:
0003be 935f      	PUSH R21
0003bf df81      	RCALL __UNPACK
0003c0 3890      	CPI  R25,0x80
0003c1 f171      	BREQ __ADDF129
0003c2 e850      	LDI  R21,0x80
0003c3 2615      	EOR  R1,R21
                 
0003c4 c004      	RJMP __ADDF120
                 
                 __ADDF12:
0003c5 935f      	PUSH R21
0003c6 df7a      	RCALL __UNPACK
0003c7 3890      	CPI  R25,0x80
0003c8 f139      	BREQ __ADDF129
                 
                 __ADDF120:
0003c9 3870      	CPI  R23,0x80
0003ca f121      	BREQ __ADDF128
                 __ADDF121:
0003cb 2f57      	MOV  R21,R23
0003cc 1b59      	SUB  R21,R25
0003cd f12b      	BRVS __ADDF1211
0003ce f412      	BRPL __ADDF122
0003cf dfd7      	RCALL __SWAPACC
0003d0 cffa      	RJMP __ADDF121
                 __ADDF122:
0003d1 3158      	CPI  R21,24
0003d2 f018      	BRLO __ADDF123
0003d3 27aa      	CLR  R26
0003d4 27bb      	CLR  R27
0003d5 2788      	CLR  R24
                 __ADDF123:
0003d6 3058      	CPI  R21,8
0003d7 f028      	BRLO __ADDF124
0003d8 2fab      	MOV  R26,R27
0003d9 2fb8      	MOV  R27,R24
0003da 2788      	CLR  R24
0003db 5058      	SUBI R21,8
0003dc cff9      	RJMP __ADDF123
                 __ADDF124:
0003dd 2355      	TST  R21
0003de f029      	BREQ __ADDF126
                 __ADDF125:
0003df 9586      	LSR  R24
0003e0 95b7      	ROR  R27
0003e1 95a7      	ROR  R26
0003e2 955a      	DEC  R21
0003e3 f7d9      	BRNE __ADDF125
                 __ADDF126:
0003e4 2d50      	MOV  R21,R0
0003e5 2551      	EOR  R21,R1
0003e6 f072      	BRMI __ADDF127
0003e7 dfcb      	RCALL __UADD12
0003e8 f438      	BRCC __ADDF129
0003e9 9567      	ROR  R22
0003ea 95f7      	ROR  R31
0003eb 95e7      	ROR  R30
0003ec 9573      	INC  R23
0003ed f413      	BRVC __ADDF129
0003ee c020      	RJMP __MAXRES
                 __ADDF128:
0003ef dfb7      	RCALL __SWAPACC
                 __ADDF129:
0003f0 df3e      	RCALL __REPACK
0003f1 915f      	POP  R21
0003f2 9508      	RET
                 __ADDF1211:
0003f3 f7d8      	BRCC __ADDF128
0003f4 cffb      	RJMP __ADDF129
                 __ADDF127:
0003f5 1bea      	SUB  R30,R26
0003f6 0bfb      	SBC  R31,R27
0003f7 0b68      	SBC  R22,R24
0003f8 f051      	BREQ __ZERORES
0003f9 f410      	BRCC __ADDF1210
0003fa 9400      	COM  R0
0003fb dfbb      	RCALL __NEGMAN1
                 __ADDF1210:
0003fc 2366      	TST  R22
0003fd f392      	BRMI __ADDF129
0003fe 0fee      	LSL  R30
0003ff 1fff      	ROL  R31
000400 1f66      	ROL  R22
000401 957a      	DEC  R23
000402 f7cb      	BRVC __ADDF1210
                 
                 __ZERORES:
000403 27ee      	CLR  R30
000404 27ff      	CLR  R31
000405 2766      	CLR  R22
000406 2777      	CLR  R23
000407 915f      	POP  R21
000408 9508      	RET
                 
                 __MINRES:
000409 efef      	SER  R30
00040a efff      	SER  R31
00040b e76f      	LDI  R22,0x7F
00040c ef7f      	SER  R23
00040d 915f      	POP  R21
00040e 9508      	RET
                 
                 __MAXRES:
00040f efef      	SER  R30
000410 efff      	SER  R31
000411 e76f      	LDI  R22,0x7F
000412 e77f      	LDI  R23,0x7F
000413 915f      	POP  R21
000414 9508      	RET
                 
                 __MULF12:
000415 935f      	PUSH R21
000416 df2a      	RCALL __UNPACK
000417 3870      	CPI  R23,0x80
000418 f351      	BREQ __ZERORES
000419 3890      	CPI  R25,0x80
00041a f341      	BREQ __ZERORES
00041b 2401      	EOR  R0,R1
00041c 9408      	SEC
00041d 1f79      	ADC  R23,R25
00041e f423      	BRVC __MULF124
00041f f31c      	BRLT __ZERORES
                 __MULF125:
000420 2000      	TST  R0
000421 f33a      	BRMI __MINRES
000422 cfec      	RJMP __MAXRES
                 __MULF124:
000423 920f      	PUSH R0
000424 931f      	PUSH R17
000425 932f      	PUSH R18
000426 933f      	PUSH R19
000427 934f      	PUSH R20
000428 2711      	CLR  R17
000429 2722      	CLR  R18
00042a 2799      	CLR  R25
00042b 9f68      	MUL  R22,R24
00042c 01a0      	MOVW R20,R0
00042d 9f8f      	MUL  R24,R31
00042e 2d30      	MOV  R19,R0
00042f 0d41      	ADD  R20,R1
000430 1f59      	ADC  R21,R25
000431 9f6b      	MUL  R22,R27
000432 0d30      	ADD  R19,R0
000433 1d41      	ADC  R20,R1
000434 1f59      	ADC  R21,R25
000435 9f8e      	MUL  R24,R30
000436 d027      	RCALL __MULF126
000437 9fbf      	MUL  R27,R31
000438 d025      	RCALL __MULF126
000439 9f6a      	MUL  R22,R26
00043a d023      	RCALL __MULF126
00043b 9fbe      	MUL  R27,R30
00043c d01d      	RCALL __MULF127
00043d 9faf      	MUL  R26,R31
00043e d01b      	RCALL __MULF127
00043f 9fae      	MUL  R26,R30
000440 0d11      	ADD  R17,R1
000441 1f29      	ADC  R18,R25
000442 1f39      	ADC  R19,R25
000443 1f49      	ADC  R20,R25
000444 1f59      	ADC  R21,R25
000445 2fe3      	MOV  R30,R19
000446 2ff4      	MOV  R31,R20
000447 2f65      	MOV  R22,R21
000448 2f52      	MOV  R21,R18
000449 914f      	POP  R20
00044a 913f      	POP  R19
00044b 912f      	POP  R18
00044c 911f      	POP  R17
00044d 900f      	POP  R0
00044e 2366      	TST  R22
00044f f02a      	BRMI __MULF122
000450 0f55      	LSL  R21
000451 1fee      	ROL  R30
000452 1fff      	ROL  R31
000453 1f66      	ROL  R22
000454 c002      	RJMP __MULF123
                 __MULF122:
000455 9573      	INC  R23
000456 f24b      	BRVS __MULF125
                 __MULF123:
000457 decd      	RCALL __ROUND_REPACK
000458 915f      	POP  R21
000459 9508      	RET
                 
                 __MULF127:
00045a 0d10      	ADD  R17,R0
00045b 1d21      	ADC  R18,R1
00045c 1f39      	ADC  R19,R25
00045d c002      	RJMP __MULF128
                 __MULF126:
00045e 0d20      	ADD  R18,R0
00045f 1d31      	ADC  R19,R1
                 __MULF128:
000460 1f49      	ADC  R20,R25
000461 1f59      	ADC  R21,R25
000462 9508      	RET
                 
                 __DIVF21:
000463 935f      	PUSH R21
000464 dedc      	RCALL __UNPACK
000465 3870      	CPI  R23,0x80
000466 f421      	BRNE __DIVF210
000467 2011      	TST  R1
                 __DIVF211:
000468 f40a      	BRPL __DIVF219
000469 cf9f      	RJMP __MINRES
                 __DIVF219:
00046a cfa4      	RJMP __MAXRES
                 __DIVF210:
00046b 3890      	CPI  R25,0x80
00046c f409      	BRNE __DIVF218
                 __DIVF217:
00046d cf95      	RJMP __ZERORES
                 __DIVF218:
00046e 2401      	EOR  R0,R1
00046f 9408      	SEC
000470 0b97      	SBC  R25,R23
000471 f41b      	BRVC __DIVF216
000472 f3d4      	BRLT __DIVF217
000473 2000      	TST  R0
000474 cff3      	RJMP __DIVF211
                 __DIVF216:
000475 2f79      	MOV  R23,R25
000476 931f      	PUSH R17
000477 932f      	PUSH R18
000478 933f      	PUSH R19
000479 934f      	PUSH R20
00047a 2411      	CLR  R1
00047b 2711      	CLR  R17
00047c 2722      	CLR  R18
00047d 2733      	CLR  R19
00047e 2744      	CLR  R20
00047f 2755      	CLR  R21
000480 e290      	LDI  R25,32
                 __DIVF212:
000481 17ae      	CP   R26,R30
000482 07bf      	CPC  R27,R31
000483 0786      	CPC  R24,R22
000484 0741      	CPC  R20,R17
000485 f030      	BRLO __DIVF213
000486 1bae      	SUB  R26,R30
000487 0bbf      	SBC  R27,R31
000488 0b86      	SBC  R24,R22
000489 0b41      	SBC  R20,R17
00048a 9408      	SEC
00048b c001      	RJMP __DIVF214
                 __DIVF213:
00048c 9488      	CLC
                 __DIVF214:
00048d 1f55      	ROL  R21
00048e 1f22      	ROL  R18
00048f 1f33      	ROL  R19
000490 1c11      	ROL  R1
000491 1faa      	ROL  R26
000492 1fbb      	ROL  R27
000493 1f88      	ROL  R24
000494 1f44      	ROL  R20
000495 959a      	DEC  R25
000496 f751      	BRNE __DIVF212
000497 01f9      	MOVW R30,R18
000498 2d61      	MOV  R22,R1
000499 914f      	POP  R20
00049a 913f      	POP  R19
00049b 912f      	POP  R18
00049c 911f      	POP  R17
00049d 2366      	TST  R22
00049e f032      	BRMI __DIVF215
00049f 0f55      	LSL  R21
0004a0 1fee      	ROL  R30
0004a1 1fff      	ROL  R31
0004a2 1f66      	ROL  R22
0004a3 957a      	DEC  R23
0004a4 f243      	BRVS __DIVF217
                 __DIVF215:
0004a5 de7f      	RCALL __ROUND_REPACK
0004a6 915f      	POP  R21
0004a7 9508      	RET
                 
                 __CMPF12:
0004a8 2399      	TST  R25
0004a9 f09a      	BRMI __CMPF120
0004aa 2377      	TST  R23
0004ab f042      	BRMI __CMPF121
0004ac 1797      	CP   R25,R23
0004ad f048      	BRLO __CMPF122
0004ae f429      	BRNE __CMPF121
0004af 17ae      	CP   R26,R30
0004b0 07bf      	CPC  R27,R31
0004b1 0786      	CPC  R24,R22
0004b2 f020      	BRLO __CMPF122
0004b3 f031      	BREQ __CMPF123
                 __CMPF121:
0004b4 9498      	CLZ
0004b5 9488      	CLC
0004b6 9508      	RET
                 __CMPF122:
0004b7 9498      	CLZ
0004b8 9408      	SEC
0004b9 9508      	RET
                 __CMPF123:
0004ba 9418      	SEZ
0004bb 9488      	CLC
0004bc 9508      	RET
                 __CMPF120:
0004bd 2377      	TST  R23
0004be f7c2      	BRPL __CMPF122
0004bf 1797      	CP   R25,R23
0004c0 f398      	BRLO __CMPF121
0004c1 f7a9      	BRNE __CMPF122
0004c2 17ea      	CP   R30,R26
0004c3 07fb      	CPC  R31,R27
0004c4 0768      	CPC  R22,R24
0004c5 f388      	BRLO __CMPF122
0004c6 f399      	BREQ __CMPF123
0004c7 cfec      	RJMP __CMPF121
                 
                 __ANEGW1:
0004c8 95f1      	NEG  R31
0004c9 95e1      	NEG  R30
0004ca 40f0      	SBCI R31,0
0004cb 9508      	RET
                 
                 __ANEGD1:
0004cc 95f0      	COM  R31
0004cd 9560      	COM  R22
0004ce 9570      	COM  R23
0004cf 95e1      	NEG  R30
0004d0 4fff      	SBCI R31,-1
0004d1 4f6f      	SBCI R22,-1
0004d2 4f7f      	SBCI R23,-1
0004d3 9508      	RET
                 
                 __CWD1:
0004d4 2f6f      	MOV  R22,R31
0004d5 0f66      	ADD  R22,R22
0004d6 0b66      	SBC  R22,R22
0004d7 2f76      	MOV  R23,R22
0004d8 9508      	RET
                 
                 __CWD2:
0004d9 2f8b      	MOV  R24,R27
0004da 0f88      	ADD  R24,R24
0004db 0b88      	SBC  R24,R24
0004dc 2f98      	MOV  R25,R24
0004dd 9508      	RET
                 
                 __DIVW21U:
0004de 2400      	CLR  R0
0004df 2411      	CLR  R1
0004e0 e190      	LDI  R25,16
                 __DIVW21U1:
0004e1 0faa      	LSL  R26
0004e2 1fbb      	ROL  R27
0004e3 1c00      	ROL  R0
0004e4 1c11      	ROL  R1
0004e5 1a0e      	SUB  R0,R30
0004e6 0a1f      	SBC  R1,R31
0004e7 f418      	BRCC __DIVW21U2
0004e8 0e0e      	ADD  R0,R30
0004e9 1e1f      	ADC  R1,R31
0004ea c001      	RJMP __DIVW21U3
                 __DIVW21U2:
0004eb 60a1      	SBR  R26,1
                 __DIVW21U3:
0004ec 959a      	DEC  R25
0004ed f799      	BRNE __DIVW21U1
0004ee 01fd      	MOVW R30,R26
0004ef 01d0      	MOVW R26,R0
0004f0 9508      	RET
                 
                 __MODW21:
0004f1 94e8      	CLT
0004f2 ffb7      	SBRS R27,7
0004f3 c004      	RJMP __MODW211
0004f4 95a0      	COM  R26
0004f5 95b0      	COM  R27
0004f6 9611      	ADIW R26,1
0004f7 9468      	SET
                 __MODW211:
0004f8 fdf7      	SBRC R31,7
0004f9 dfce      	RCALL __ANEGW1
0004fa dfe3      	RCALL __DIVW21U
0004fb 01fd      	MOVW R30,R26
0004fc f40e      	BRTC __MODW212
0004fd dfca      	RCALL __ANEGW1
                 __MODW212:
0004fe 9508      	RET
                 
                 __PUTDP1:
0004ff 93ed      	ST   X+,R30
000500 93fd      	ST   X+,R31
000501 936d      	ST   X+,R22
000502 937c      	ST   X,R23
000503 9508      	RET
                 
                 __GETD1S0:
000504 81e8      	LD   R30,Y
000505 81f9      	LDD  R31,Y+1
000506 816a      	LDD  R22,Y+2
000507 817b      	LDD  R23,Y+3
000508 9508      	RET
                 
                 __GETD2S0:
000509 81a8      	LD   R26,Y
00050a 81b9      	LDD  R27,Y+1
00050b 818a      	LDD  R24,Y+2
00050c 819b      	LDD  R25,Y+3
00050d 9508      	RET
                 
                 __PUTD1S0:
00050e 83e8      	ST   Y,R30
00050f 83f9      	STD  Y+1,R31
000510 836a      	STD  Y+2,R22
000511 837b      	STD  Y+3,R23
000512 9508      	RET
                 
                 __PUTPARD1:
000513 937a      	ST   -Y,R23
000514 936a      	ST   -Y,R22
000515 93fa      	ST   -Y,R31
000516 93ea      	ST   -Y,R30
000517 9508      	RET
                 
                 __PUTPARD2:
000518 939a      	ST   -Y,R25
000519 938a      	ST   -Y,R24
00051a 93ba      	ST   -Y,R27
00051b 93aa      	ST   -Y,R26
00051c 9508      	RET
                 
                 __CDF2U:
00051d 9468      	SET
00051e c001      	RJMP __CDF2U0
                 __CDF2:
00051f 94e8      	CLT
                 __CDF2U0:
000520 d001      	RCALL __SWAPD12
000521 de6a      	RCALL __CDF1U0
                 
                 __SWAPD12:
000522 2e18      	MOV  R1,R24
000523 2f86      	MOV  R24,R22
000524 2d61      	MOV  R22,R1
000525 2e19      	MOV  R1,R25
000526 2f97      	MOV  R25,R23
000527 2d71      	MOV  R23,R1
                 
                 __SWAPW12:
000528 2e1b      	MOV  R1,R27
000529 2fbf      	MOV  R27,R31
00052a 2df1      	MOV  R31,R1
                 
                 __SWAPB12:
00052b 2e1a      	MOV  R1,R26
00052c 2fae      	MOV  R26,R30
00052d 2de1      	MOV  R30,R1
00052e 9508      	RET
                 
                 __CPD10:
00052f 9730      	SBIW R30,0
000530 4060      	SBCI R22,0
000531 4070      	SBCI R23,0
000532 9508      	RET
                 
                 __CPD02:
000533 2400      	CLR  R0
000534 160a      	CP   R0,R26
000535 060b      	CPC  R0,R27
000536 0608      	CPC  R0,R24
000537 0609      	CPC  R0,R25
000538 9508      	RET
                 
                 __CPD12:
000539 17ea      	CP   R30,R26
00053a 07fb      	CPC  R31,R27
00053b 0768      	CPC  R22,R24
00053c 0779      	CPC  R23,R25
00053d 9508      	RET
                 
                 ;END OF CODE MARKER
                 __END_OF_CODE:


RESOURCE USE INFORMATION
------------------------

Notice:
The register and instruction counts are symbol table hit counts,
and hence implicitly used resources are not counted, eg, the
'lpm' instruction without operands implicitly uses r0 and z,
none of which are counted.

x,y,z are separate entities in the symbol table and are
counted separately from r26..r31 here.

.dseg memory usage only counts static data declared with .byte

ATmega16 register use summary:
r0 :  38 r1 :  36 r2 :   0 r3 :   0 r4 :   5 r5 :   2 r6 :   4 r7 :   2 
r8 :   4 r9 :   2 r10:   5 r11:   1 r12:   5 r13:   0 r14:   0 r15:   2 
r16:  10 r17:  17 r18:  12 r19:  12 r20:  22 r21:  63 r22: 105 r23: 102 
r24:  72 r25:  67 r26:  69 r27:  53 r28:   9 r29:   1 r30: 170 r31:  92 
x  :   9 y  : 139 z  :   7 
Registers used: 31 out of 35 (88.6%)

ATmega16 instruction use summary:
.lds  :   0 .lds.l:   0 .sts  :   0 .sts.l:   0 adc   :  18 add   :  10 
adiw  :  10 and   :   5 andi  :   1 asr   :   0 bclr  :   0 bld   :   2 
brbc  :   0 brbs  :   0 brcc  :   7 brcs  :   1 break :   0 breq  :  18 
brge  :   3 brhc  :   0 brhs  :   0 brid  :   0 brie  :   0 brlo  :  10 
brlt  :   3 brmi  :   9 brne  :  22 brpl  :   7 brsh  :   3 brtc  :   3 
brts  :   3 brvc  :   4 brvs  :   4 bset  :   0 bst   :   4 call  : 114 
cbi   :   0 cbr   :   1 clc   :   3 clh   :   0 cli   :   1 cln   :   0 
clr   :  39 cls   :   0 clt   :   5 clv   :   0 clz   :   2 com   :  10 
cp    :  12 cpc   :  20 cpi   :  17 cpse  :   0 dec   :  10 des   :   0 
eor   :   7 fmul  :   0 fmuls :   0 fmulsu:   0 icall :   0 ijmp  :   0 
in    :   4 inc   :   2 jmp   :  23 ld    :  31 ldd   :  57 ldi   : 135 
lds   :   0 lpm   :   7 lsl   :  15 lsr   :   5 mov   :  41 movw  :  43 
mul   :   9 muls  :   0 mulsu :   0 neg   :   4 nop   :   0 or    :   0 
ori   :   0 out   :  27 pop   :  36 push  :  36 rcall :  29 ret   :  54 
reti  :   2 rjmp  :  45 rol   :  29 ror   :  17 sbc   :  10 sbci  :  13 
sbi   :   0 sbic  :   0 sbis  :   0 sbiw  :  11 sbr   :   3 sbrc  :   2 
sbrs  :   2 sec   :   5 seh   :   0 sei   :   1 sen   :   0 ser   :   8 
ses   :   0 set   :   4 sev   :   0 sez   :   1 sleep :   0 spm   :   0 
st    :  37 std   :  23 sts   :   0 sub   :   5 subi  :   7 swap  :   0 
tst   :  17 wdr   :   0 
Instructions used: 72 out of 116 (62.1%)

ATmega16 memory use summary [bytes]:
Segment   Begin    End      Code   Data   Used    Size   Use%
---------------------------------------------------------------
[.cseg] 0x000000 0x000a7c   2650     34   2684   16384  16.4%
[.dseg] 0x000060 0x000164      0      4      4    1024   0.4%
[.eseg] 0x000000 0x000000      0      0      0     512   0.0%

Assembly complete, 0 errors, 12 warnings
